{"total": {"lines":{"total":340,"covered":303,"skipped":0,"pct":89.11},"statements":{"total":365,"covered":328,"skipped":0,"pct":89.86},"functions":{"total":98,"covered":92,"skipped":0,"pct":93.87},"branches":{"total":93,"covered":69,"skipped":0,"pct":74.19},"branchesTrue":{"total":0,"covered":0,"skipped":0,"pct":100}}
,"C:\\Users\\DELL\\Desktop\\Projet_GL\\covoiturage\\Frontend\\hooks\\use-auth.ts": {"lines":{"total":31,"covered":0,"skipped":0,"pct":0},"functions":{"total":5,"covered":0,"skipped":0,"pct":0},"statements":{"total":31,"covered":0,"skipped":0,"pct":0},"branches":{"total":7,"covered":0,"skipped":0,"pct":0}}
,"C:\\Users\\DELL\\Desktop\\Projet_GL\\covoiturage\\Frontend\\hooks\\use-mobile.ts": {"lines":{"total":12,"covered":12,"skipped":0,"pct":100},"functions":{"total":4,"covered":4,"skipped":0,"pct":100},"statements":{"total":13,"covered":13,"skipped":0,"pct":100},"branches":{"total":0,"covered":0,"skipped":0,"pct":100}}
,"C:\\Users\\DELL\\Desktop\\Projet_GL\\covoiturage\\Frontend\\hooks\\useTripSync.ts": {"lines":{"total":13,"covered":13,"skipped":0,"pct":100},"functions":{"total":4,"covered":4,"skipped":0,"pct":100},"statements":{"total":16,"covered":16,"skipped":0,"pct":100},"branches":{"total":7,"covered":5,"skipped":0,"pct":71.42}}
,"C:\\Users\\DELL\\Desktop\\Projet_GL\\covoiturage\\Frontend\\services\\api.client.ts": {"lines":{"total":38,"covered":37,"skipped":0,"pct":97.36},"functions":{"total":4,"covered":3,"skipped":0,"pct":75},"statements":{"total":39,"covered":38,"skipped":0,"pct":97.43},"branches":{"total":14,"covered":13,"skipped":0,"pct":92.85}}
,"C:\\Users\\DELL\\Desktop\\Projet_GL\\covoiturage\\Frontend\\services\\auth.service.ts": {"lines":{"total":84,"covered":84,"skipped":0,"pct":100},"functions":{"total":23,"covered":23,"skipped":0,"pct":100},"statements":{"total":88,"covered":88,"skipped":0,"pct":100},"branches":{"total":23,"covered":18,"skipped":0,"pct":78.26}}
,"C:\\Users\\DELL\\Desktop\\Projet_GL\\covoiturage\\Frontend\\services\\messagingService.ts": {"lines":{"total":37,"covered":37,"skipped":0,"pct":100},"functions":{"total":6,"covered":6,"skipped":0,"pct":100},"statements":{"total":38,"covered":38,"skipped":0,"pct":100},"branches":{"total":7,"covered":7,"skipped":0,"pct":100}}
,"C:\\Users\\DELL\\Desktop\\Projet_GL\\covoiturage\\Frontend\\services\\trajet.service.ts": {"lines":{"total":71,"covered":71,"skipped":0,"pct":100},"functions":{"total":14,"covered":14,"skipped":0,"pct":100},"statements":{"total":72,"covered":72,"skipped":0,"pct":100},"branches":{"total":6,"covered":6,"skipped":0,"pct":100}}
,"C:\\Users\\DELL\\Desktop\\Projet_GL\\covoiturage\\Frontend\\services\\verification.service.ts": {"lines":{"total":20,"covered":16,"skipped":0,"pct":80},"functions":{"total":5,"covered":5,"skipped":0,"pct":100},"statements":{"total":21,"covered":17,"skipped":0,"pct":80.95},"branches":{"total":15,"covered":12,"skipped":0,"pct":80}}
,"C:\\Users\\DELL\\Desktop\\Projet_GL\\covoiturage\\Frontend\\stores\\notifications-store.ts": {"lines":{"total":13,"covered":13,"skipped":0,"pct":100},"functions":{"total":13,"covered":13,"skipped":0,"pct":100},"statements":{"total":18,"covered":18,"skipped":0,"pct":100},"branches":{"total":8,"covered":5,"skipped":0,"pct":62.5}}
,"C:\\Users\\DELL\\Desktop\\Projet_GL\\covoiturage\\Frontend\\stores\\trips-store.ts": {"lines":{"total":16,"covered":15,"skipped":0,"pct":93.75},"functions":{"total":15,"covered":15,"skipped":0,"pct":100},"statements":{"total":21,"covered":20,"skipped":0,"pct":95.23},"branches":{"total":6,"covered":3,"skipped":0,"pct":50}}
,"C:\\Users\\DELL\\Desktop\\Projet_GL\\covoiturage\\Frontend\\stores\\ui-store.ts": {"lines":{"total":5,"covered":5,"skipped":0,"pct":100},"functions":{"total":5,"covered":5,"skipped":0,"pct":100},"statements":{"total":8,"covered":8,"skipped":0,"pct":100},"branches":{"total":0,"covered":0,"skipped":0,"pct":100}}
}
