{"C:\\Users\\DELL\\Desktop\\Projet_GL\\covoiturage\\Frontend\\hooks\\use-auth.ts": {"path":"C:\\Users\\DELL\\Desktop\\Projet_GL\\covoiturage\\Frontend\\hooks\\use-auth.ts","statementMap":{"0":{"start":{"line":9,"column":16},"end":{"line":9,"column":null}},"1":{"start":{"line":4,"column":26},"end":{"line":4,"column":null}},"2":{"start":{"line":5,"column":29},"end":{"line":5,"column":null}},"3":{"start":{"line":7,"column":32},"end":{"line":7,"column":null}},"4":{"start":{"line":10,"column":17},"end":{"line":10,"column":null}},"5":{"start":{"line":11,"column":16},"end":{"line":11,"column":null}},"6":{"start":{"line":16,"column":31},"end":{"line":50,"column":null}},"7":{"start":{"line":17,"column":4},"end":{"line":49,"column":null}},"8":{"start":{"line":18,"column":21},"end":{"line":18,"column":null}},"9":{"start":{"line":20,"column":6},"end":{"line":25,"column":null}},"10":{"start":{"line":28,"column":6},"end":{"line":34,"column":null}},"11":{"start":{"line":32,"column":8},"end":{"line":32,"column":null}},"12":{"start":{"line":33,"column":8},"end":{"line":33,"column":null}},"13":{"start":{"line":37,"column":6},"end":{"line":40,"column":null}},"14":{"start":{"line":38,"column":8},"end":{"line":38,"column":null}},"15":{"start":{"line":39,"column":8},"end":{"line":39,"column":null}},"16":{"start":{"line":43,"column":6},"end":{"line":43,"column":null}},"17":{"start":{"line":44,"column":6},"end":{"line":44,"column":null}},"18":{"start":{"line":46,"column":6},"end":{"line":46,"column":null}},"19":{"start":{"line":48,"column":6},"end":{"line":48,"column":null}},"20":{"start":{"line":52,"column":16},"end":{"line":58,"column":null}},"21":{"start":{"line":53,"column":4},"end":{"line":53,"column":null}},"22":{"start":{"line":56,"column":24},"end":{"line":56,"column":null}},"23":{"start":{"line":57,"column":4},"end":{"line":57,"column":null}},"24":{"start":{"line":60,"column":19},"end":{"line":66,"column":null}},"25":{"start":{"line":61,"column":4},"end":{"line":61,"column":null}},"26":{"start":{"line":65,"column":4},"end":{"line":65,"column":null}},"27":{"start":{"line":68,"column":17},"end":{"line":71,"column":null}},"28":{"start":{"line":69,"column":4},"end":{"line":69,"column":null}},"29":{"start":{"line":70,"column":4},"end":{"line":70,"column":null}},"30":{"start":{"line":73,"column":2},"end":{"line":84,"column":null}}},"fnMap":{"0":{"name":"useAuth","decl":{"start":{"line":9,"column":16},"end":{"line":9,"column":null}},"loc":{"start":{"line":9,"column":16},"end":{"line":85,"column":null}}},"1":{"name":"(anonymous_3)","decl":{"start":{"line":16,"column":31},"end":{"line":16,"column":null}},"loc":{"start":{"line":16,"column":31},"end":{"line":50,"column":null}}},"2":{"name":"(anonymous_4)","decl":{"start":{"line":52,"column":16},"end":{"line":52,"column":23}},"loc":{"start":{"line":52,"column":23},"end":{"line":58,"column":null}}},"3":{"name":"(anonymous_5)","decl":{"start":{"line":60,"column":19},"end":{"line":60,"column":26}},"loc":{"start":{"line":60,"column":26},"end":{"line":66,"column":null}}},"4":{"name":"(anonymous_6)","decl":{"start":{"line":68,"column":17},"end":{"line":68,"column":null}},"loc":{"start":{"line":68,"column":17},"end":{"line":71,"column":null}}}},"branchMap":{"0":{"loc":{"start":{"line":28,"column":6},"end":{"line":34,"column":null}},"type":"if","locations":[{"start":{"line":28,"column":6},"end":{"line":34,"column":null}},{"start":{},"end":{}}]},"1":{"loc":{"start":{"line":29,"column":8},"end":{"line":30,"column":58}},"type":"binary-expr","locations":[{"start":{"line":29,"column":8},"end":{"line":29,"column":30}},{"start":{"line":30,"column":9},"end":{"line":30,"column":31}},{"start":{"line":30,"column":35},"end":{"line":30,"column":58}}]},"2":{"loc":{"start":{"line":37,"column":6},"end":{"line":40,"column":null}},"type":"if","locations":[{"start":{"line":37,"column":6},"end":{"line":40,"column":null}},{"start":{},"end":{}}]}},"s":{"0":0,"1":0,"2":0,"3":0,"4":0,"5":0,"6":0,"7":0,"8":0,"9":0,"10":0,"11":0,"12":0,"13":0,"14":0,"15":0,"16":0,"17":0,"18":0,"19":0,"20":0,"21":0,"22":0,"23":0,"24":0,"25":0,"26":0,"27":0,"28":0,"29":0,"30":0},"f":{"0":0,"1":0,"2":0,"3":0,"4":0},"b":{"0":[0,0],"1":[0,0,0],"2":[0,0]}}
,"C:\\Users\\DELL\\Desktop\\Projet_GL\\covoiturage\\Frontend\\hooks\\use-mobile.ts": {"path":"C:\\Users\\DELL\\Desktop\\Projet_GL\\covoiturage\\Frontend\\hooks\\use-mobile.ts","statementMap":{"0":{"start":{"line":5,"column":16},"end":{"line":5,"column":null}},"1":{"start":{"line":1,"column":23},"end":{"line":1,"column":null}},"2":{"start":{"line":3,"column":26},"end":{"line":3,"column":null}},"3":{"start":{"line":6,"column":34},"end":{"line":7,"column":null}},"4":{"start":{"line":10,"column":2},"end":{"line":18,"column":null}},"5":{"start":{"line":11,"column":16},"end":{"line":11,"column":null}},"6":{"start":{"line":12,"column":21},"end":{"line":14,"column":null}},"7":{"start":{"line":13,"column":6},"end":{"line":13,"column":null}},"8":{"start":{"line":15,"column":4},"end":{"line":15,"column":null}},"9":{"start":{"line":16,"column":4},"end":{"line":16,"column":null}},"10":{"start":{"line":17,"column":4},"end":{"line":17,"column":null}},"11":{"start":{"line":17,"column":17},"end":{"line":17,"column":null}},"12":{"start":{"line":20,"column":2},"end":{"line":20,"column":null}}},"fnMap":{"0":{"name":"useIsMobile","decl":{"start":{"line":5,"column":16},"end":{"line":5,"column":null}},"loc":{"start":{"line":5,"column":16},"end":{"line":21,"column":null}}},"1":{"name":"(anonymous_5)","decl":{"start":{"line":10,"column":18},"end":{"line":10,"column":null}},"loc":{"start":{"line":10,"column":18},"end":{"line":18,"column":5}}},"2":{"name":"(anonymous_6)","decl":{"start":{"line":12,"column":21},"end":{"line":12,"column":null}},"loc":{"start":{"line":12,"column":21},"end":{"line":14,"column":null}}},"3":{"name":"(anonymous_7)","decl":{"start":{"line":17,"column":11},"end":{"line":17,"column":17}},"loc":{"start":{"line":17,"column":17},"end":{"line":17,"column":null}}}},"branchMap":{},"s":{"0":12,"1":1,"2":1,"3":12,"4":12,"5":5,"6":5,"7":1,"8":5,"9":5,"10":5,"11":5,"12":12},"f":{"0":12,"1":5,"2":1,"3":5},"b":{}}
,"C:\\Users\\DELL\\Desktop\\Projet_GL\\covoiturage\\Frontend\\hooks\\use-toast.ts": {"path":"C:\\Users\\DELL\\Desktop\\Projet_GL\\covoiturage\\Frontend\\hooks\\use-toast.ts","statementMap":{"0":{"start":{"line":74,"column":13},"end":{"line":74,"column":23}},"1":{"start":{"line":191,"column":19},"end":{"line":191,"column":null}},"2":{"start":{"line":191,"column":9},"end":{"line":191,"column":19}},"3":{"start":{"line":4,"column":23},"end":{"line":4,"column":null}},"4":{"start":{"line":8,"column":20},"end":{"line":8,"column":null}},"5":{"start":{"line":9,"column":27},"end":{"line":9,"column":null}},"6":{"start":{"line":18,"column":21},"end":{"line":23,"column":null}},"7":{"start":{"line":25,"column":12},"end":{"line":25,"column":null}},"8":{"start":{"line":28,"column":2},"end":{"line":28,"column":null}},"9":{"start":{"line":29,"column":2},"end":{"line":29,"column":null}},"10":{"start":{"line":56,"column":22},"end":{"line":56,"column":null}},"11":{"start":{"line":58,"column":25},"end":{"line":72,"column":null}},"12":{"start":{"line":59,"column":2},"end":{"line":61,"column":null}},"13":{"start":{"line":60,"column":4},"end":{"line":60,"column":null}},"14":{"start":{"line":63,"column":18},"end":{"line":69,"column":null}},"15":{"start":{"line":64,"column":4},"end":{"line":64,"column":null}},"16":{"start":{"line":65,"column":4},"end":{"line":68,"column":null}},"17":{"start":{"line":71,"column":2},"end":{"line":71,"column":null}},"18":{"start":{"line":74,"column":23},"end":{"line":127,"column":null}},"19":{"start":{"line":75,"column":2},"end":{"line":126,"column":null}},"20":{"start":{"line":77,"column":6},"end":{"line":80,"column":null}},"21":{"start":{"line":83,"column":6},"end":{"line":88,"column":null}},"22":{"start":{"line":86,"column":10},"end":{"line":86,"column":null}},"23":{"start":{"line":91,"column":26},"end":{"line":91,"column":null}},"24":{"start":{"line":95,"column":6},"end":{"line":101,"column":null}},"25":{"start":{"line":96,"column":8},"end":{"line":96,"column":null}},"26":{"start":{"line":98,"column":8},"end":{"line":100,"column":null}},"27":{"start":{"line":99,"column":10},"end":{"line":99,"column":null}},"28":{"start":{"line":103,"column":6},"end":{"line":113,"column":null}},"29":{"start":{"line":106,"column":10},"end":{"line":111,"column":null}},"30":{"start":{"line":116,"column":6},"end":{"line":121,"column":null}},"31":{"start":{"line":117,"column":8},"end":{"line":120,"column":null}},"32":{"start":{"line":122,"column":6},"end":{"line":125,"column":null}},"33":{"start":{"line":124,"column":43},"end":{"line":124,"column":66}},"34":{"start":{"line":129,"column":49},"end":{"line":129,"column":51}},"35":{"start":{"line":131,"column":25},"end":{"line":131,"column":null}},"36":{"start":{"line":134,"column":2},"end":{"line":134,"column":null}},"37":{"start":{"line":135,"column":2},"end":{"line":137,"column":null}},"38":{"start":{"line":136,"column":4},"end":{"line":136,"column":null}},"39":{"start":{"line":143,"column":13},"end":{"line":143,"column":null}},"40":{"start":{"line":145,"column":17},"end":{"line":149,"column":null}},"41":{"start":{"line":146,"column":4},"end":{"line":149,"column":null}},"42":{"start":{"line":150,"column":18},"end":{"line":150,"column":null}},"43":{"start":{"line":150,"column":24},"end":{"line":150,"column":null}},"44":{"start":{"line":152,"column":2},"end":{"line":162,"column":null}},"45":{"start":{"line":159,"column":8},"end":{"line":159,"column":null}},"46":{"start":{"line":159,"column":19},"end":{"line":159,"column":null}},"47":{"start":{"line":164,"column":2},"end":{"line":168,"column":null}},"48":{"start":{"line":172,"column":28},"end":{"line":172,"column":null}},"49":{"start":{"line":174,"column":2},"end":{"line":182,"column":null}},"50":{"start":{"line":175,"column":4},"end":{"line":175,"column":null}},"51":{"start":{"line":176,"column":4},"end":{"line":181,"column":null}},"52":{"start":{"line":177,"column":20},"end":{"line":177,"column":null}},"53":{"start":{"line":178,"column":6},"end":{"line":180,"column":null}},"54":{"start":{"line":179,"column":8},"end":{"line":179,"column":null}},"55":{"start":{"line":184,"column":2},"end":{"line":188,"column":null}},"56":{"start":{"line":187,"column":35},"end":{"line":187,"column":null}}},"fnMap":{"0":{"name":"genId","decl":{"start":{"line":27,"column":9},"end":{"line":27,"column":null}},"loc":{"start":{"line":27,"column":9},"end":{"line":30,"column":null}}},"1":{"name":"(anonymous_8)","decl":{"start":{"line":58,"column":25},"end":{"line":58,"column":26}},"loc":{"start":{"line":58,"column":26},"end":{"line":72,"column":null}}},"2":{"name":"(anonymous_9)","decl":{"start":{"line":63,"column":29},"end":{"line":63,"column":null}},"loc":{"start":{"line":63,"column":29},"end":{"line":69,"column":5}}},"3":{"name":"(anonymous_10)","decl":{"start":{"line":74,"column":23},"end":{"line":74,"column":24}},"loc":{"start":{"line":74,"column":38},"end":{"line":127,"column":null}}},"4":{"name":"(anonymous_11)","decl":{"start":{"line":85,"column":33},"end":{"line":85,"column":34}},"loc":{"start":{"line":86,"column":10},"end":{"line":86,"column":null}}},"5":{"name":"(anonymous_12)","decl":{"start":{"line":98,"column":29},"end":{"line":98,"column":30}},"loc":{"start":{"line":98,"column":30},"end":{"line":100,"column":null}}},"6":{"name":"(anonymous_13)","decl":{"start":{"line":105,"column":33},"end":{"line":105,"column":34}},"loc":{"start":{"line":106,"column":10},"end":{"line":111,"column":null}}},"7":{"name":"(anonymous_14)","decl":{"start":{"line":124,"column":36},"end":{"line":124,"column":37}},"loc":{"start":{"line":124,"column":43},"end":{"line":124,"column":66}}},"8":{"name":"dispatch","decl":{"start":{"line":133,"column":9},"end":{"line":133,"column":18}},"loc":{"start":{"line":133,"column":32},"end":{"line":138,"column":null}}},"9":{"name":"(anonymous_16)","decl":{"start":{"line":135,"column":20},"end":{"line":135,"column":21}},"loc":{"start":{"line":135,"column":21},"end":{"line":137,"column":null}}},"10":{"name":"toast","decl":{"start":{"line":142,"column":9},"end":{"line":142,"column":15}},"loc":{"start":{"line":142,"column":34},"end":{"line":169,"column":null}}},"11":{"name":"(anonymous_18)","decl":{"start":{"line":145,"column":17},"end":{"line":145,"column":18}},"loc":{"start":{"line":146,"column":4},"end":{"line":149,"column":null}}},"12":{"name":"(anonymous_19)","decl":{"start":{"line":150,"column":18},"end":{"line":150,"column":24}},"loc":{"start":{"line":150,"column":24},"end":{"line":150,"column":null}}},"13":{"name":"(anonymous_20)","decl":{"start":{"line":158,"column":20},"end":{"line":158,"column":21}},"loc":{"start":{"line":158,"column":21},"end":{"line":160,"column":null}}},"14":{"name":"useToast","decl":{"start":{"line":171,"column":9},"end":{"line":171,"column":null}},"loc":{"start":{"line":171,"column":9},"end":{"line":189,"column":null}}},"15":{"name":"(anonymous_22)","decl":{"start":{"line":174,"column":18},"end":{"line":174,"column":null}},"loc":{"start":{"line":174,"column":18},"end":{"line":182,"column":5}}},"16":{"name":"(anonymous_23)","decl":{"start":{"line":176,"column":11},"end":{"line":176,"column":null}},"loc":{"start":{"line":176,"column":11},"end":{"line":181,"column":null}}},"17":{"name":"(anonymous_24)","decl":{"start":{"line":187,"column":13},"end":{"line":187,"column":14}},"loc":{"start":{"line":187,"column":35},"end":{"line":187,"column":null}}}},"branchMap":{"0":{"loc":{"start":{"line":59,"column":2},"end":{"line":61,"column":null}},"type":"if","locations":[{"start":{"line":59,"column":2},"end":{"line":61,"column":null}},{"start":{},"end":{}}]},"1":{"loc":{"start":{"line":75,"column":2},"end":{"line":126,"column":null}},"type":"switch","locations":[{"start":{"line":76,"column":4},"end":{"line":80,"column":null}},{"start":{"line":82,"column":4},"end":{"line":88,"column":null}},{"start":{"line":90,"column":4},"end":{"line":114,"column":null}},{"start":{"line":115,"column":4},"end":{"line":125,"column":null}}]},"2":{"loc":{"start":{"line":86,"column":10},"end":{"line":86,"column":null}},"type":"cond-expr","locations":[{"start":{"line":86,"column":37},"end":{"line":86,"column":65}},{"start":{"line":86,"column":65},"end":{"line":86,"column":null}}]},"3":{"loc":{"start":{"line":95,"column":6},"end":{"line":101,"column":null}},"type":"if","locations":[{"start":{"line":95,"column":6},"end":{"line":101,"column":null}},{"start":{"line":97,"column":13},"end":{"line":101,"column":null}}]},"4":{"loc":{"start":{"line":106,"column":10},"end":{"line":111,"column":null}},"type":"cond-expr","locations":[{"start":{"line":107,"column":14},"end":{"line":110,"column":null}},{"start":{"line":111,"column":14},"end":{"line":111,"column":null}}]},"5":{"loc":{"start":{"line":106,"column":10},"end":{"line":106,"column":null}},"type":"binary-expr","locations":[{"start":{"line":106,"column":10},"end":{"line":106,"column":30}},{"start":{"line":106,"column":30},"end":{"line":106,"column":null}}]},"6":{"loc":{"start":{"line":116,"column":6},"end":{"line":121,"column":null}},"type":"if","locations":[{"start":{"line":116,"column":6},"end":{"line":121,"column":null}},{"start":{},"end":{}}]},"7":{"loc":{"start":{"line":159,"column":8},"end":{"line":159,"column":null}},"type":"if","locations":[{"start":{"line":159,"column":8},"end":{"line":159,"column":null}},{"start":{},"end":{}}]},"8":{"loc":{"start":{"line":178,"column":6},"end":{"line":180,"column":null}},"type":"if","locations":[{"start":{"line":178,"column":6},"end":{"line":180,"column":null}},{"start":{},"end":{}}]}},"s":{"0":0,"1":0,"2":0,"3":0,"4":0,"5":0,"6":0,"7":0,"8":0,"9":0,"10":0,"11":0,"12":0,"13":0,"14":0,"15":0,"16":0,"17":0,"18":0,"19":0,"20":0,"21":0,"22":0,"23":0,"24":0,"25":0,"26":0,"27":0,"28":0,"29":0,"30":0,"31":0,"32":0,"33":0,"34":0,"35":0,"36":0,"37":0,"38":0,"39":0,"40":0,"41":0,"42":0,"43":0,"44":0,"45":0,"46":0,"47":0,"48":0,"49":0,"50":0,"51":0,"52":0,"53":0,"54":0,"55":0,"56":0},"f":{"0":0,"1":0,"2":0,"3":0,"4":0,"5":0,"6":0,"7":0,"8":0,"9":0,"10":0,"11":0,"12":0,"13":0,"14":0,"15":0,"16":0,"17":0},"b":{"0":[0,0],"1":[0,0,0,0],"2":[0,0],"3":[0,0],"4":[0,0],"5":[0,0],"6":[0,0],"7":[0,0],"8":[0,0]}}
,"C:\\Users\\DELL\\Desktop\\Projet_GL\\covoiturage\\Frontend\\hooks\\useNotifications.ts": {"path":"C:\\Users\\DELL\\Desktop\\Projet_GL\\covoiturage\\Frontend\\hooks\\useNotifications.ts","statementMap":{"0":{"start":{"line":40,"column":16},"end":{"line":40,"column":null}},"1":{"start":{"line":2,"column":57},"end":{"line":2,"column":null}},"2":{"start":{"line":41,"column":44},"end":{"line":41,"column":null}},"3":{"start":{"line":42,"column":40},"end":{"line":42,"column":null}},"4":{"start":{"line":43,"column":16},"end":{"line":43,"column":null}},"5":{"start":{"line":44,"column":30},"end":{"line":44,"column":null}},"6":{"start":{"line":45,"column":31},"end":{"line":45,"column":null}},"7":{"start":{"line":46,"column":33},"end":{"line":46,"column":null}},"8":{"start":{"line":48,"column":22},"end":{"line":48,"column":77}},"9":{"start":{"line":48,"column":50},"end":{"line":48,"column":71}},"10":{"start":{"line":50,"column":18},"end":{"line":143,"column":null}},"11":{"start":{"line":51,"column":18},"end":{"line":51,"column":null}},"12":{"start":{"line":52,"column":4},"end":{"line":52,"column":null}},"13":{"start":{"line":52,"column":16},"end":{"line":52,"column":null}},"14":{"start":{"line":54,"column":4},"end":{"line":54,"column":null}},"15":{"start":{"line":54,"column":70},"end":{"line":54,"column":null}},"16":{"start":{"line":56,"column":23},"end":{"line":56,"column":null}},"17":{"start":{"line":58,"column":6},"end":{"line":59,"column":null}},"18":{"start":{"line":60,"column":16},"end":{"line":60,"column":75}},"19":{"start":{"line":62,"column":15},"end":{"line":62,"column":null}},"20":{"start":{"line":63,"column":4},"end":{"line":63,"column":null}},"21":{"start":{"line":65,"column":4},"end":{"line":69,"column":null}},"22":{"start":{"line":66,"column":6},"end":{"line":66,"column":null}},"23":{"start":{"line":67,"column":6},"end":{"line":67,"column":null}},"24":{"start":{"line":68,"column":6},"end":{"line":68,"column":null}},"25":{"start":{"line":71,"column":4},"end":{"line":123,"column":null}},"26":{"start":{"line":72,"column":19},"end":{"line":72,"column":null}},"27":{"start":{"line":73,"column":6},"end":{"line":73,"column":null}},"28":{"start":{"line":76,"column":6},"end":{"line":97,"column":null}},"29":{"start":{"line":80,"column":39},"end":{"line":93,"column":null}},"30":{"start":{"line":80,"column":75},"end":{"line":93,"column":null}},"31":{"start":{"line":95,"column":8},"end":{"line":95,"column":null}},"32":{"start":{"line":96,"column":8},"end":{"line":96,"column":null}},"33":{"start":{"line":100,"column":6},"end":{"line":120,"column":null}},"34":{"start":{"line":101,"column":18},"end":{"line":101,"column":35}},"35":{"start":{"line":103,"column":46},"end":{"line":116,"column":null}},"36":{"start":{"line":118,"column":8},"end":{"line":118,"column":null}},"37":{"start":{"line":118,"column":35},"end":{"line":118,"column":null}},"38":{"start":{"line":119,"column":8},"end":{"line":119,"column":null}},"39":{"start":{"line":122,"column":6},"end":{"line":122,"column":null}},"40":{"start":{"line":125,"column":4},"end":{"line":125,"column":null}},"41":{"start":{"line":125,"column":26},"end":{"line":125,"column":null}},"42":{"start":{"line":127,"column":4},"end":{"line":142,"column":null}},"43":{"start":{"line":128,"column":6},"end":{"line":128,"column":null}},"44":{"start":{"line":129,"column":6},"end":{"line":129,"column":null}},"45":{"start":{"line":131,"column":6},"end":{"line":141,"column":null}},"46":{"start":{"line":135,"column":22},"end":{"line":137,"column":null}},"47":{"start":{"line":139,"column":8},"end":{"line":139,"column":null}},"48":{"start":{"line":140,"column":8},"end":{"line":140,"column":null}},"49":{"start":{"line":145,"column":21},"end":{"line":158,"column":null}},"50":{"start":{"line":146,"column":4},"end":{"line":153,"column":null}},"51":{"start":{"line":147,"column":6},"end":{"line":151,"column":null}},"52":{"start":{"line":155,"column":4},"end":{"line":156,"column":null}},"53":{"start":{"line":156,"column":6},"end":{"line":156,"column":null}},"54":{"start":{"line":156,"column":23},"end":{"line":156,"column":null}},"55":{"start":{"line":160,"column":24},"end":{"line":170,"column":null}},"56":{"start":{"line":161,"column":4},"end":{"line":167,"column":null}},"57":{"start":{"line":162,"column":6},"end":{"line":165,"column":null}},"58":{"start":{"line":169,"column":4},"end":{"line":169,"column":null}},"59":{"start":{"line":169,"column":31},"end":{"line":169,"column":null}},"60":{"start":{"line":169,"column":48},"end":{"line":169,"column":null}},"61":{"start":{"line":172,"column":29},"end":{"line":183,"column":null}},"62":{"start":{"line":173,"column":4},"end":{"line":173,"column":null}},"63":{"start":{"line":173,"column":31},"end":{"line":173,"column":null}},"64":{"start":{"line":173,"column":50},"end":{"line":173,"column":null}},"65":{"start":{"line":176,"column":18},"end":{"line":176,"column":null}},"66":{"start":{"line":177,"column":4},"end":{"line":182,"column":null}},"67":{"start":{"line":182,"column":22},"end":{"line":182,"column":null}},"68":{"start":{"line":185,"column":20},"end":{"line":199,"column":null}},"69":{"start":{"line":186,"column":4},"end":{"line":186,"column":null}},"70":{"start":{"line":187,"column":4},"end":{"line":187,"column":null}},"71":{"start":{"line":189,"column":4},"end":{"line":191,"column":null}},"72":{"start":{"line":190,"column":6},"end":{"line":190,"column":null}},"73":{"start":{"line":193,"column":4},"end":{"line":196,"column":null}},"74":{"start":{"line":194,"column":6},"end":{"line":194,"column":null}},"75":{"start":{"line":195,"column":6},"end":{"line":195,"column":null}},"76":{"start":{"line":198,"column":4},"end":{"line":198,"column":null}},"77":{"start":{"line":201,"column":2},"end":{"line":223,"column":null}},"78":{"start":{"line":203,"column":4},"end":{"line":205,"column":null}},"79":{"start":{"line":204,"column":6},"end":{"line":204,"column":null}},"80":{"start":{"line":207,"column":4},"end":{"line":207,"column":null}},"81":{"start":{"line":209,"column":4},"end":{"line":222,"column":null}},"82":{"start":{"line":210,"column":6},"end":{"line":210,"column":null}},"83":{"start":{"line":212,"column":6},"end":{"line":214,"column":null}},"84":{"start":{"line":213,"column":8},"end":{"line":213,"column":null}},"85":{"start":{"line":216,"column":6},"end":{"line":218,"column":null}},"86":{"start":{"line":217,"column":8},"end":{"line":217,"column":null}},"87":{"start":{"line":220,"column":6},"end":{"line":220,"column":null}},"88":{"start":{"line":221,"column":6},"end":{"line":221,"column":null}},"89":{"start":{"line":225,"column":2},"end":{"line":233,"column":null}}},"fnMap":{"0":{"name":"useNotifications","decl":{"start":{"line":40,"column":16},"end":{"line":40,"column":null}},"loc":{"start":{"line":40,"column":16},"end":{"line":234,"column":null}}},"1":{"name":"(anonymous_2)","decl":{"start":{"line":48,"column":43},"end":{"line":48,"column":44}},"loc":{"start":{"line":48,"column":50},"end":{"line":48,"column":71}}},"2":{"name":"(anonymous_3)","decl":{"start":{"line":50,"column":30},"end":{"line":50,"column":null}},"loc":{"start":{"line":50,"column":30},"end":{"line":143,"column":5}}},"3":{"name":"(anonymous_4)","decl":{"start":{"line":65,"column":16},"end":{"line":65,"column":null}},"loc":{"start":{"line":65,"column":16},"end":{"line":69,"column":null}}},"4":{"name":"(anonymous_5)","decl":{"start":{"line":71,"column":19},"end":{"line":71,"column":20}},"loc":{"start":{"line":71,"column":20},"end":{"line":123,"column":null}}},"5":{"name":"(anonymous_6)","decl":{"start":{"line":80,"column":62},"end":{"line":80,"column":63}},"loc":{"start":{"line":80,"column":75},"end":{"line":93,"column":null}}},"6":{"name":"(anonymous_7)","decl":{"start":{"line":118,"column":25},"end":{"line":118,"column":26}},"loc":{"start":{"line":118,"column":35},"end":{"line":118,"column":null}}},"7":{"name":"(anonymous_8)","decl":{"start":{"line":125,"column":17},"end":{"line":125,"column":18}},"loc":{"start":{"line":125,"column":26},"end":{"line":125,"column":null}}},"8":{"name":"(anonymous_9)","decl":{"start":{"line":127,"column":17},"end":{"line":127,"column":18}},"loc":{"start":{"line":127,"column":18},"end":{"line":142,"column":null}}},"9":{"name":"(anonymous_10)","decl":{"start":{"line":145,"column":33},"end":{"line":145,"column":34}},"loc":{"start":{"line":145,"column":34},"end":{"line":158,"column":5}}},"10":{"name":"(anonymous_11)","decl":{"start":{"line":155,"column":21},"end":{"line":155,"column":22}},"loc":{"start":{"line":156,"column":6},"end":{"line":156,"column":null}}},"11":{"name":"(anonymous_12)","decl":{"start":{"line":156,"column":15},"end":{"line":156,"column":16}},"loc":{"start":{"line":156,"column":23},"end":{"line":156,"column":null}}},"12":{"name":"(anonymous_13)","decl":{"start":{"line":160,"column":36},"end":{"line":160,"column":null}},"loc":{"start":{"line":160,"column":36},"end":{"line":170,"column":5}}},"13":{"name":"(anonymous_14)","decl":{"start":{"line":169,"column":21},"end":{"line":169,"column":22}},"loc":{"start":{"line":169,"column":31},"end":{"line":169,"column":null}}},"14":{"name":"(anonymous_15)","decl":{"start":{"line":169,"column":40},"end":{"line":169,"column":41}},"loc":{"start":{"line":169,"column":48},"end":{"line":169,"column":null}}},"15":{"name":"(anonymous_16)","decl":{"start":{"line":172,"column":41},"end":{"line":172,"column":42}},"loc":{"start":{"line":172,"column":42},"end":{"line":183,"column":5}}},"16":{"name":"(anonymous_17)","decl":{"start":{"line":173,"column":21},"end":{"line":173,"column":22}},"loc":{"start":{"line":173,"column":31},"end":{"line":173,"column":null}}},"17":{"name":"(anonymous_18)","decl":{"start":{"line":173,"column":43},"end":{"line":173,"column":44}},"loc":{"start":{"line":173,"column":50},"end":{"line":173,"column":null}}},"18":{"name":"(anonymous_19)","decl":{"start":{"line":182,"column":13},"end":{"line":182,"column":14}},"loc":{"start":{"line":182,"column":22},"end":{"line":182,"column":null}}},"19":{"name":"(anonymous_20)","decl":{"start":{"line":185,"column":32},"end":{"line":185,"column":null}},"loc":{"start":{"line":185,"column":32},"end":{"line":199,"column":5}}},"20":{"name":"(anonymous_21)","decl":{"start":{"line":201,"column":12},"end":{"line":201,"column":null}},"loc":{"start":{"line":201,"column":12},"end":{"line":223,"column":5}}},"21":{"name":"(anonymous_22)","decl":{"start":{"line":209,"column":11},"end":{"line":209,"column":null}},"loc":{"start":{"line":209,"column":11},"end":{"line":222,"column":null}}}},"branchMap":{"0":{"loc":{"start":{"line":52,"column":4},"end":{"line":52,"column":null}},"type":"if","locations":[{"start":{"line":52,"column":4},"end":{"line":52,"column":null}},{"start":{},"end":{}}]},"1":{"loc":{"start":{"line":54,"column":4},"end":{"line":54,"column":null}},"type":"if","locations":[{"start":{"line":54,"column":4},"end":{"line":54,"column":null}},{"start":{},"end":{}}]},"2":{"loc":{"start":{"line":54,"column":8},"end":{"line":54,"column":68}},"type":"binary-expr","locations":[{"start":{"line":54,"column":8},"end":{"line":54,"column":21}},{"start":{"line":54,"column":25},"end":{"line":54,"column":68}}]},"3":{"loc":{"start":{"line":56,"column":23},"end":{"line":56,"column":null}},"type":"cond-expr","locations":[{"start":{"line":56,"column":63},"end":{"line":56,"column":72}},{"start":{"line":56,"column":72},"end":{"line":56,"column":null}}]},"4":{"loc":{"start":{"line":58,"column":6},"end":{"line":59,"column":null}},"type":"binary-expr","locations":[{"start":{"line":58,"column":6},"end":{"line":58,"column":null}},{"start":{"line":59,"column":6},"end":{"line":59,"column":null}}]},"5":{"loc":{"start":{"line":76,"column":6},"end":{"line":97,"column":null}},"type":"if","locations":[{"start":{"line":76,"column":6},"end":{"line":97,"column":null}},{"start":{},"end":{}}]},"6":{"loc":{"start":{"line":77,"column":8},"end":{"line":78,"column":null}},"type":"binary-expr","locations":[{"start":{"line":77,"column":8},"end":{"line":77,"column":null}},{"start":{"line":78,"column":8},"end":{"line":78,"column":null}}]},"7":{"loc":{"start":{"line":100,"column":6},"end":{"line":120,"column":null}},"type":"if","locations":[{"start":{"line":100,"column":6},"end":{"line":120,"column":null}},{"start":{},"end":{}}]},"8":{"loc":{"start":{"line":100,"column":10},"end":{"line":100,"column":63}},"type":"binary-expr","locations":[{"start":{"line":100,"column":10},"end":{"line":100,"column":46}},{"start":{"line":100,"column":46},"end":{"line":100,"column":63}}]},"9":{"loc":{"start":{"line":131,"column":6},"end":{"line":141,"column":null}},"type":"if","locations":[{"start":{"line":131,"column":6},"end":{"line":141,"column":null}},{"start":{},"end":{}}]},"10":{"loc":{"start":{"line":132,"column":8},"end":{"line":133,"column":null}},"type":"binary-expr","locations":[{"start":{"line":132,"column":8},"end":{"line":132,"column":null}},{"start":{"line":133,"column":8},"end":{"line":133,"column":null}}]},"11":{"loc":{"start":{"line":146,"column":4},"end":{"line":153,"column":null}},"type":"if","locations":[{"start":{"line":146,"column":4},"end":{"line":153,"column":null}},{"start":{},"end":{}}]},"12":{"loc":{"start":{"line":146,"column":8},"end":{"line":146,"column":68}},"type":"binary-expr","locations":[{"start":{"line":146,"column":8},"end":{"line":146,"column":21}},{"start":{"line":146,"column":25},"end":{"line":146,"column":68}}]},"13":{"loc":{"start":{"line":156,"column":23},"end":{"line":156,"column":null}},"type":"cond-expr","locations":[{"start":{"line":156,"column":37},"end":{"line":156,"column":63}},{"start":{"line":156,"column":63},"end":{"line":156,"column":null}}]},"14":{"loc":{"start":{"line":161,"column":4},"end":{"line":167,"column":null}},"type":"if","locations":[{"start":{"line":161,"column":4},"end":{"line":167,"column":null}},{"start":{},"end":{}}]},"15":{"loc":{"start":{"line":161,"column":8},"end":{"line":161,"column":68}},"type":"binary-expr","locations":[{"start":{"line":161,"column":8},"end":{"line":161,"column":21}},{"start":{"line":161,"column":25},"end":{"line":161,"column":68}}]},"16":{"loc":{"start":{"line":189,"column":4},"end":{"line":191,"column":null}},"type":"if","locations":[{"start":{"line":189,"column":4},"end":{"line":191,"column":null}},{"start":{},"end":{}}]},"17":{"loc":{"start":{"line":193,"column":4},"end":{"line":196,"column":null}},"type":"if","locations":[{"start":{"line":193,"column":4},"end":{"line":196,"column":null}},{"start":{},"end":{}}]},"18":{"loc":{"start":{"line":203,"column":4},"end":{"line":205,"column":null}},"type":"if","locations":[{"start":{"line":203,"column":4},"end":{"line":205,"column":null}},{"start":{},"end":{}}]},"19":{"loc":{"start":{"line":203,"column":8},"end":{"line":203,"column":75}},"type":"binary-expr","locations":[{"start":{"line":203,"column":8},"end":{"line":203,"column":36}},{"start":{"line":203,"column":36},"end":{"line":203,"column":75}}]},"20":{"loc":{"start":{"line":212,"column":6},"end":{"line":214,"column":null}},"type":"if","locations":[{"start":{"line":212,"column":6},"end":{"line":214,"column":null}},{"start":{},"end":{}}]},"21":{"loc":{"start":{"line":216,"column":6},"end":{"line":218,"column":null}},"type":"if","locations":[{"start":{"line":216,"column":6},"end":{"line":218,"column":null}},{"start":{},"end":{}}]},"22":{"loc":{"start":{"line":216,"column":10},"end":{"line":216,"column":70}},"type":"binary-expr","locations":[{"start":{"line":216,"column":10},"end":{"line":216,"column":23}},{"start":{"line":216,"column":27},"end":{"line":216,"column":70}}]}},"s":{"0":0,"1":0,"2":0,"3":0,"4":0,"5":0,"6":0,"7":0,"8":0,"9":0,"10":0,"11":0,"12":0,"13":0,"14":0,"15":0,"16":0,"17":0,"18":0,"19":0,"20":0,"21":0,"22":0,"23":0,"24":0,"25":0,"26":0,"27":0,"28":0,"29":0,"30":0,"31":0,"32":0,"33":0,"34":0,"35":0,"36":0,"37":0,"38":0,"39":0,"40":0,"41":0,"42":0,"43":0,"44":0,"45":0,"46":0,"47":0,"48":0,"49":0,"50":0,"51":0,"52":0,"53":0,"54":0,"55":0,"56":0,"57":0,"58":0,"59":0,"60":0,"61":0,"62":0,"63":0,"64":0,"65":0,"66":0,"67":0,"68":0,"69":0,"70":0,"71":0,"72":0,"73":0,"74":0,"75":0,"76":0,"77":0,"78":0,"79":0,"80":0,"81":0,"82":0,"83":0,"84":0,"85":0,"86":0,"87":0,"88":0,"89":0},"f":{"0":0,"1":0,"2":0,"3":0,"4":0,"5":0,"6":0,"7":0,"8":0,"9":0,"10":0,"11":0,"12":0,"13":0,"14":0,"15":0,"16":0,"17":0,"18":0,"19":0,"20":0,"21":0},"b":{"0":[0,0],"1":[0,0],"2":[0,0],"3":[0,0],"4":[0,0],"5":[0,0],"6":[0,0],"7":[0,0],"8":[0,0],"9":[0,0],"10":[0,0],"11":[0,0],"12":[0,0],"13":[0,0],"14":[0,0],"15":[0,0],"16":[0,0],"17":[0,0],"18":[0,0],"19":[0,0],"20":[0,0],"21":[0,0],"22":[0,0]}}
,"C:\\Users\\DELL\\Desktop\\Projet_GL\\covoiturage\\Frontend\\hooks\\useTripSync.ts": {"path":"C:\\Users\\DELL\\Desktop\\Projet_GL\\covoiturage\\Frontend\\hooks\\useTripSync.ts","statementMap":{"0":{"start":{"line":9,"column":13},"end":{"line":9,"column":27}},"1":{"start":{"line":1,"column":26},"end":{"line":1,"column":null}},"2":{"start":{"line":8,"column":16},"end":{"line":8,"column":47}},"3":{"start":{"line":9,"column":27},"end":{"line":36,"column":null}},"4":{"start":{"line":14,"column":2},"end":{"line":35,"column":null}},"5":{"start":{"line":15,"column":4},"end":{"line":15,"column":null}},"6":{"start":{"line":15,"column":29},"end":{"line":15,"column":null}},"7":{"start":{"line":18,"column":23},"end":{"line":32,"column":null}},"8":{"start":{"line":19,"column":6},"end":{"line":31,"column":null}},"9":{"start":{"line":20,"column":25},"end":{"line":23,"column":null}},"10":{"start":{"line":25,"column":8},"end":{"line":28,"column":null}},"11":{"start":{"line":26,"column":23},"end":{"line":26,"column":null}},"12":{"start":{"line":27,"column":10},"end":{"line":27,"column":null}},"13":{"start":{"line":30,"column":8},"end":{"line":30,"column":null}},"14":{"start":{"line":34,"column":4},"end":{"line":34,"column":null}},"15":{"start":{"line":34,"column":17},"end":{"line":34,"column":null}}},"fnMap":{"0":{"name":"(anonymous_1)","decl":{"start":{"line":9,"column":27},"end":{"line":9,"column":28}},"loc":{"start":{"line":13,"column":18},"end":{"line":36,"column":null}}},"1":{"name":"(anonymous_2)","decl":{"start":{"line":14,"column":12},"end":{"line":14,"column":null}},"loc":{"start":{"line":14,"column":12},"end":{"line":35,"column":5}}},"2":{"name":"(anonymous_3)","decl":{"start":{"line":18,"column":35},"end":{"line":18,"column":null}},"loc":{"start":{"line":18,"column":35},"end":{"line":32,"column":7}}},"3":{"name":"(anonymous_4)","decl":{"start":{"line":34,"column":11},"end":{"line":34,"column":17}},"loc":{"start":{"line":34,"column":17},"end":{"line":34,"column":null}}}},"branchMap":{"0":{"loc":{"start":{"line":12,"column":2},"end":{"line":12,"column":16}},"type":"default-arg","locations":[{"start":{"line":12,"column":12},"end":{"line":12,"column":16}}]},"1":{"loc":{"start":{"line":15,"column":4},"end":{"line":15,"column":null}},"type":"if","locations":[{"start":{"line":15,"column":4},"end":{"line":15,"column":null}},{"start":{},"end":{}}]},"2":{"loc":{"start":{"line":15,"column":8},"end":{"line":15,"column":29}},"type":"binary-expr","locations":[{"start":{"line":15,"column":8},"end":{"line":15,"column":20}},{"start":{"line":15,"column":20},"end":{"line":15,"column":29}}]},"3":{"loc":{"start":{"line":25,"column":8},"end":{"line":28,"column":null}},"type":"if","locations":[{"start":{"line":25,"column":8},"end":{"line":28,"column":null}},{"start":{},"end":{}}]}},"s":{"0":6,"1":1,"2":1,"3":1,"4":6,"5":6,"6":2,"7":4,"8":5,"9":5,"10":4,"11":4,"12":4,"13":1,"14":4,"15":4},"f":{"0":6,"1":6,"2":5,"3":4},"b":{"0":[0],"1":[2,4],"2":[6,5],"3":[4,0]}}
,"C:\\Users\\DELL\\Desktop\\Projet_GL\\covoiturage\\Frontend\\hooks\\useWebSocket.ts": {"path":"C:\\Users\\DELL\\Desktop\\Projet_GL\\covoiturage\\Frontend\\hooks\\useWebSocket.ts","statementMap":{"0":{"start":{"line":31,"column":16},"end":{"line":31,"column":29}},"1":{"start":{"line":2,"column":57},"end":{"line":2,"column":null}},"2":{"start":{"line":36,"column":34},"end":{"line":36,"column":null}},"3":{"start":{"line":37,"column":40},"end":{"line":37,"column":null}},"4":{"start":{"line":38,"column":28},"end":{"line":38,"column":null}},"5":{"start":{"line":39,"column":16},"end":{"line":39,"column":null}},"6":{"start":{"line":40,"column":30},"end":{"line":40,"column":null}},"7":{"start":{"line":41,"column":31},"end":{"line":41,"column":null}},"8":{"start":{"line":42,"column":33},"end":{"line":42,"column":null}},"9":{"start":{"line":44,"column":21},"end":{"line":46,"column":null}},"10":{"start":{"line":45,"column":4},"end":{"line":45,"column":null}},"11":{"start":{"line":45,"column":26},"end":{"line":45,"column":null}},"12":{"start":{"line":48,"column":18},"end":{"line":146,"column":null}},"13":{"start":{"line":49,"column":4},"end":{"line":52,"column":null}},"14":{"start":{"line":50,"column":6},"end":{"line":50,"column":null}},"15":{"start":{"line":51,"column":6},"end":{"line":51,"column":null}},"16":{"start":{"line":54,"column":4},"end":{"line":57,"column":null}},"17":{"start":{"line":55,"column":6},"end":{"line":55,"column":null}},"18":{"start":{"line":56,"column":6},"end":{"line":56,"column":null}},"19":{"start":{"line":59,"column":18},"end":{"line":59,"column":null}},"20":{"start":{"line":60,"column":4},"end":{"line":64,"column":null}},"21":{"start":{"line":61,"column":6},"end":{"line":61,"column":null}},"22":{"start":{"line":62,"column":6},"end":{"line":62,"column":null}},"23":{"start":{"line":63,"column":6},"end":{"line":63,"column":null}},"24":{"start":{"line":66,"column":23},"end":{"line":66,"column":null}},"25":{"start":{"line":67,"column":17},"end":{"line":67,"column":null}},"26":{"start":{"line":69,"column":4},"end":{"line":71,"column":null}},"27":{"start":{"line":70,"column":6},"end":{"line":70,"column":null}},"28":{"start":{"line":73,"column":16},"end":{"line":73,"column":104}},"29":{"start":{"line":75,"column":4},"end":{"line":75,"column":null}},"30":{"start":{"line":77,"column":4},"end":{"line":145,"column":null}},"31":{"start":{"line":78,"column":17},"end":{"line":78,"column":null}},"32":{"start":{"line":79,"column":6},"end":{"line":79,"column":null}},"33":{"start":{"line":81,"column":6},"end":{"line":86,"column":null}},"34":{"start":{"line":82,"column":8},"end":{"line":82,"column":null}},"35":{"start":{"line":83,"column":8},"end":{"line":83,"column":null}},"36":{"start":{"line":84,"column":8},"end":{"line":84,"column":null}},"37":{"start":{"line":85,"column":8},"end":{"line":85,"column":null}},"38":{"start":{"line":88,"column":6},"end":{"line":112,"column":null}},"39":{"start":{"line":89,"column":8},"end":{"line":111,"column":null}},"40":{"start":{"line":90,"column":23},"end":{"line":90,"column":null}},"41":{"start":{"line":91,"column":10},"end":{"line":91,"column":null}},"42":{"start":{"line":93,"column":10},"end":{"line":108,"column":null}},"43":{"start":{"line":95,"column":12},"end":{"line":95,"column":null}},"44":{"start":{"line":95,"column":34},"end":{"line":95,"column":null}},"45":{"start":{"line":96,"column":17},"end":{"line":108,"column":null}},"46":{"start":{"line":97,"column":12},"end":{"line":97,"column":null}},"47":{"start":{"line":98,"column":17},"end":{"line":108,"column":null}},"48":{"start":{"line":99,"column":12},"end":{"line":102,"column":null}},"49":{"start":{"line":104,"column":12},"end":{"line":107,"column":null}},"50":{"start":{"line":106,"column":14},"end":{"line":106,"column":null}},"51":{"start":{"line":110,"column":10},"end":{"line":110,"column":null}},"52":{"start":{"line":114,"column":6},"end":{"line":117,"column":null}},"53":{"start":{"line":115,"column":8},"end":{"line":115,"column":null}},"54":{"start":{"line":116,"column":8},"end":{"line":116,"column":null}},"55":{"start":{"line":119,"column":6},"end":{"line":141,"column":null}},"56":{"start":{"line":120,"column":8},"end":{"line":120,"column":null}},"57":{"start":{"line":121,"column":8},"end":{"line":121,"column":null}},"58":{"start":{"line":123,"column":8},"end":{"line":125,"column":null}},"59":{"start":{"line":124,"column":10},"end":{"line":124,"column":null}},"60":{"start":{"line":127,"column":8},"end":{"line":140,"column":null}},"61":{"start":{"line":128,"column":24},"end":{"line":130,"column":null}},"62":{"start":{"line":132,"column":10},"end":{"line":132,"column":null}},"63":{"start":{"line":134,"column":10},"end":{"line":137,"column":null}},"64":{"start":{"line":135,"column":12},"end":{"line":135,"column":null}},"65":{"start":{"line":136,"column":12},"end":{"line":136,"column":null}},"66":{"start":{"line":139,"column":10},"end":{"line":139,"column":null}},"67":{"start":{"line":143,"column":6},"end":{"line":143,"column":null}},"68":{"start":{"line":144,"column":6},"end":{"line":144,"column":null}},"69":{"start":{"line":148,"column":22},"end":{"line":167,"column":null}},"70":{"start":{"line":149,"column":4},"end":{"line":153,"column":null}},"71":{"start":{"line":150,"column":6},"end":{"line":150,"column":null}},"72":{"start":{"line":151,"column":6},"end":{"line":151,"column":null}},"73":{"start":{"line":152,"column":6},"end":{"line":152,"column":null}},"74":{"start":{"line":155,"column":4},"end":{"line":166,"column":null}},"75":{"start":{"line":156,"column":22},"end":{"line":159,"column":null}},"76":{"start":{"line":161,"column":6},"end":{"line":161,"column":null}},"77":{"start":{"line":162,"column":6},"end":{"line":162,"column":null}},"78":{"start":{"line":164,"column":6},"end":{"line":164,"column":null}},"79":{"start":{"line":165,"column":6},"end":{"line":165,"column":null}},"80":{"start":{"line":169,"column":21},"end":{"line":181,"column":null}},"81":{"start":{"line":170,"column":4},"end":{"line":172,"column":null}},"82":{"start":{"line":171,"column":6},"end":{"line":171,"column":null}},"83":{"start":{"line":174,"column":4},"end":{"line":180,"column":null}},"84":{"start":{"line":175,"column":6},"end":{"line":176,"column":null}},"85":{"start":{"line":179,"column":6},"end":{"line":179,"column":null}},"86":{"start":{"line":183,"column":20},"end":{"line":197,"column":null}},"87":{"start":{"line":184,"column":4},"end":{"line":184,"column":null}},"88":{"start":{"line":185,"column":4},"end":{"line":185,"column":null}},"89":{"start":{"line":187,"column":4},"end":{"line":189,"column":null}},"90":{"start":{"line":188,"column":6},"end":{"line":188,"column":null}},"91":{"start":{"line":191,"column":4},"end":{"line":194,"column":null}},"92":{"start":{"line":192,"column":6},"end":{"line":192,"column":null}},"93":{"start":{"line":193,"column":6},"end":{"line":193,"column":null}},"94":{"start":{"line":196,"column":4},"end":{"line":196,"column":null}},"95":{"start":{"line":199,"column":2},"end":{"line":221,"column":null}},"96":{"start":{"line":200,"column":4},"end":{"line":202,"column":null}},"97":{"start":{"line":201,"column":6},"end":{"line":201,"column":null}},"98":{"start":{"line":204,"column":4},"end":{"line":204,"column":null}},"99":{"start":{"line":206,"column":4},"end":{"line":220,"column":null}},"100":{"start":{"line":207,"column":6},"end":{"line":207,"column":null}},"101":{"start":{"line":209,"column":6},"end":{"line":211,"column":null}},"102":{"start":{"line":210,"column":8},"end":{"line":210,"column":null}},"103":{"start":{"line":213,"column":6},"end":{"line":216,"column":null}},"104":{"start":{"line":214,"column":8},"end":{"line":214,"column":null}},"105":{"start":{"line":215,"column":8},"end":{"line":215,"column":null}},"106":{"start":{"line":218,"column":6},"end":{"line":218,"column":null}},"107":{"start":{"line":219,"column":6},"end":{"line":219,"column":null}},"108":{"start":{"line":223,"column":2},"end":{"line":231,"column":null}}},"fnMap":{"0":{"name":"useWebSocket","decl":{"start":{"line":31,"column":16},"end":{"line":31,"column":29}},"loc":{"start":{"line":35,"column":20},"end":{"line":232,"column":null}}},"1":{"name":"(anonymous_2)","decl":{"start":{"line":44,"column":21},"end":{"line":44,"column":22}},"loc":{"start":{"line":44,"column":22},"end":{"line":46,"column":null}}},"2":{"name":"(anonymous_3)","decl":{"start":{"line":45,"column":16},"end":{"line":45,"column":17}},"loc":{"start":{"line":45,"column":26},"end":{"line":45,"column":null}}},"3":{"name":"(anonymous_4)","decl":{"start":{"line":48,"column":30},"end":{"line":48,"column":null}},"loc":{"start":{"line":48,"column":30},"end":{"line":146,"column":5}}},"4":{"name":"(anonymous_5)","decl":{"start":{"line":81,"column":18},"end":{"line":81,"column":null}},"loc":{"start":{"line":81,"column":18},"end":{"line":86,"column":null}}},"5":{"name":"(anonymous_6)","decl":{"start":{"line":88,"column":21},"end":{"line":88,"column":22}},"loc":{"start":{"line":88,"column":22},"end":{"line":112,"column":null}}},"6":{"name":"(anonymous_7)","decl":{"start":{"line":95,"column":24},"end":{"line":95,"column":25}},"loc":{"start":{"line":95,"column":34},"end":{"line":95,"column":null}}},"7":{"name":"(anonymous_8)","decl":{"start":{"line":114,"column":19},"end":{"line":114,"column":20}},"loc":{"start":{"line":114,"column":20},"end":{"line":117,"column":null}}},"8":{"name":"(anonymous_9)","decl":{"start":{"line":119,"column":19},"end":{"line":119,"column":20}},"loc":{"start":{"line":119,"column":20},"end":{"line":141,"column":null}}},"9":{"name":"(anonymous_10)","decl":{"start":{"line":134,"column":51},"end":{"line":134,"column":null}},"loc":{"start":{"line":134,"column":51},"end":{"line":137,"column":13}}},"10":{"name":"(anonymous_11)","decl":{"start":{"line":148,"column":34},"end":{"line":148,"column":35}},"loc":{"start":{"line":148,"column":35},"end":{"line":167,"column":5}}},"11":{"name":"(anonymous_12)","decl":{"start":{"line":169,"column":33},"end":{"line":169,"column":34}},"loc":{"start":{"line":169,"column":34},"end":{"line":181,"column":5}}},"12":{"name":"(anonymous_13)","decl":{"start":{"line":183,"column":32},"end":{"line":183,"column":null}},"loc":{"start":{"line":183,"column":32},"end":{"line":197,"column":5}}},"13":{"name":"(anonymous_14)","decl":{"start":{"line":199,"column":12},"end":{"line":199,"column":null}},"loc":{"start":{"line":199,"column":12},"end":{"line":221,"column":5}}},"14":{"name":"(anonymous_15)","decl":{"start":{"line":206,"column":11},"end":{"line":206,"column":null}},"loc":{"start":{"line":206,"column":11},"end":{"line":220,"column":null}}}},"branchMap":{"0":{"loc":{"start":{"line":49,"column":4},"end":{"line":52,"column":null}},"type":"if","locations":[{"start":{"line":49,"column":4},"end":{"line":52,"column":null}},{"start":{},"end":{}}]},"1":{"loc":{"start":{"line":54,"column":4},"end":{"line":57,"column":null}},"type":"if","locations":[{"start":{"line":54,"column":4},"end":{"line":57,"column":null}},{"start":{},"end":{}}]},"2":{"loc":{"start":{"line":60,"column":4},"end":{"line":64,"column":null}},"type":"if","locations":[{"start":{"line":60,"column":4},"end":{"line":64,"column":null}},{"start":{},"end":{}}]},"3":{"loc":{"start":{"line":66,"column":23},"end":{"line":66,"column":null}},"type":"cond-expr","locations":[{"start":{"line":66,"column":63},"end":{"line":66,"column":72}},{"start":{"line":66,"column":72},"end":{"line":66,"column":null}}]},"4":{"loc":{"start":{"line":67,"column":17},"end":{"line":67,"column":null}},"type":"binary-expr","locations":[{"start":{"line":67,"column":17},"end":{"line":67,"column":47}},{"start":{"line":67,"column":51},"end":{"line":67,"column":null}}]},"5":{"loc":{"start":{"line":69,"column":4},"end":{"line":71,"column":null}},"type":"if","locations":[{"start":{"line":69,"column":4},"end":{"line":71,"column":null}},{"start":{},"end":{}}]},"6":{"loc":{"start":{"line":69,"column":8},"end":{"line":69,"column":71}},"type":"binary-expr","locations":[{"start":{"line":69,"column":8},"end":{"line":69,"column":40}},{"start":{"line":69,"column":40},"end":{"line":69,"column":71}}]},"7":{"loc":{"start":{"line":93,"column":10},"end":{"line":108,"column":null}},"type":"if","locations":[{"start":{"line":93,"column":10},"end":{"line":108,"column":null}},{"start":{"line":96,"column":17},"end":{"line":108,"column":null}}]},"8":{"loc":{"start":{"line":93,"column":14},"end":{"line":93,"column":51}},"type":"binary-expr","locations":[{"start":{"line":93,"column":14},"end":{"line":93,"column":41}},{"start":{"line":93,"column":41},"end":{"line":93,"column":51}}]},"9":{"loc":{"start":{"line":96,"column":17},"end":{"line":108,"column":null}},"type":"if","locations":[{"start":{"line":96,"column":17},"end":{"line":108,"column":null}},{"start":{"line":98,"column":17},"end":{"line":108,"column":null}}]},"10":{"loc":{"start":{"line":96,"column":21},"end":{"line":96,"column":57}},"type":"binary-expr","locations":[{"start":{"line":96,"column":21},"end":{"line":96,"column":47}},{"start":{"line":96,"column":47},"end":{"line":96,"column":57}}]},"11":{"loc":{"start":{"line":98,"column":17},"end":{"line":108,"column":null}},"type":"if","locations":[{"start":{"line":98,"column":17},"end":{"line":108,"column":null}},{"start":{},"end":{}}]},"12":{"loc":{"start":{"line":101,"column":14},"end":{"line":101,"column":null}},"type":"binary-expr","locations":[{"start":{"line":101,"column":14},"end":{"line":101,"column":39}},{"start":{"line":101,"column":39},"end":{"line":101,"column":null}}]},"13":{"loc":{"start":{"line":104,"column":12},"end":{"line":107,"column":null}},"type":"if","locations":[{"start":{"line":104,"column":12},"end":{"line":107,"column":null}},{"start":{},"end":{}}]},"14":{"loc":{"start":{"line":104,"column":16},"end":{"line":104,"column":63}},"type":"binary-expr","locations":[{"start":{"line":104,"column":16},"end":{"line":104,"column":29}},{"start":{"line":104,"column":33},"end":{"line":104,"column":63}}]},"15":{"loc":{"start":{"line":123,"column":8},"end":{"line":125,"column":null}},"type":"if","locations":[{"start":{"line":123,"column":8},"end":{"line":125,"column":null}},{"start":{},"end":{}}]},"16":{"loc":{"start":{"line":123,"column":12},"end":{"line":123,"column":56}},"type":"binary-expr","locations":[{"start":{"line":123,"column":12},"end":{"line":123,"column":35}},{"start":{"line":123,"column":35},"end":{"line":123,"column":56}}]},"17":{"loc":{"start":{"line":127,"column":8},"end":{"line":140,"column":null}},"type":"if","locations":[{"start":{"line":127,"column":8},"end":{"line":140,"column":null}},{"start":{"line":138,"column":15},"end":{"line":140,"column":null}}]},"18":{"loc":{"start":{"line":149,"column":4},"end":{"line":153,"column":null}},"type":"if","locations":[{"start":{"line":149,"column":4},"end":{"line":153,"column":null}},{"start":{},"end":{}}]},"19":{"loc":{"start":{"line":149,"column":8},"end":{"line":149,"column":69}},"type":"binary-expr","locations":[{"start":{"line":149,"column":8},"end":{"line":149,"column":22}},{"start":{"line":149,"column":26},"end":{"line":149,"column":69}}]},"20":{"loc":{"start":{"line":170,"column":4},"end":{"line":172,"column":null}},"type":"if","locations":[{"start":{"line":170,"column":4},"end":{"line":172,"column":null}},{"start":{},"end":{}}]},"21":{"loc":{"start":{"line":170,"column":8},"end":{"line":170,"column":69}},"type":"binary-expr","locations":[{"start":{"line":170,"column":8},"end":{"line":170,"column":22}},{"start":{"line":170,"column":26},"end":{"line":170,"column":69}}]},"22":{"loc":{"start":{"line":187,"column":4},"end":{"line":189,"column":null}},"type":"if","locations":[{"start":{"line":187,"column":4},"end":{"line":189,"column":null}},{"start":{},"end":{}}]},"23":{"loc":{"start":{"line":191,"column":4},"end":{"line":194,"column":null}},"type":"if","locations":[{"start":{"line":191,"column":4},"end":{"line":194,"column":null}},{"start":{},"end":{}}]},"24":{"loc":{"start":{"line":200,"column":4},"end":{"line":202,"column":null}},"type":"if","locations":[{"start":{"line":200,"column":4},"end":{"line":202,"column":null}},{"start":{},"end":{}}]},"25":{"loc":{"start":{"line":209,"column":6},"end":{"line":211,"column":null}},"type":"if","locations":[{"start":{"line":209,"column":6},"end":{"line":211,"column":null}},{"start":{},"end":{}}]},"26":{"loc":{"start":{"line":213,"column":6},"end":{"line":216,"column":null}},"type":"if","locations":[{"start":{"line":213,"column":6},"end":{"line":216,"column":null}},{"start":{},"end":{}}]},"27":{"loc":{"start":{"line":213,"column":10},"end":{"line":213,"column":70}},"type":"binary-expr","locations":[{"start":{"line":213,"column":10},"end":{"line":213,"column":23}},{"start":{"line":213,"column":27},"end":{"line":213,"column":70}}]}},"s":{"0":0,"1":0,"2":0,"3":0,"4":0,"5":0,"6":0,"7":0,"8":0,"9":0,"10":0,"11":0,"12":0,"13":0,"14":0,"15":0,"16":0,"17":0,"18":0,"19":0,"20":0,"21":0,"22":0,"23":0,"24":0,"25":0,"26":0,"27":0,"28":0,"29":0,"30":0,"31":0,"32":0,"33":0,"34":0,"35":0,"36":0,"37":0,"38":0,"39":0,"40":0,"41":0,"42":0,"43":0,"44":0,"45":0,"46":0,"47":0,"48":0,"49":0,"50":0,"51":0,"52":0,"53":0,"54":0,"55":0,"56":0,"57":0,"58":0,"59":0,"60":0,"61":0,"62":0,"63":0,"64":0,"65":0,"66":0,"67":0,"68":0,"69":0,"70":0,"71":0,"72":0,"73":0,"74":0,"75":0,"76":0,"77":0,"78":0,"79":0,"80":0,"81":0,"82":0,"83":0,"84":0,"85":0,"86":0,"87":0,"88":0,"89":0,"90":0,"91":0,"92":0,"93":0,"94":0,"95":0,"96":0,"97":0,"98":0,"99":0,"100":0,"101":0,"102":0,"103":0,"104":0,"105":0,"106":0,"107":0,"108":0},"f":{"0":0,"1":0,"2":0,"3":0,"4":0,"5":0,"6":0,"7":0,"8":0,"9":0,"10":0,"11":0,"12":0,"13":0,"14":0},"b":{"0":[0,0],"1":[0,0],"2":[0,0],"3":[0,0],"4":[0,0],"5":[0,0],"6":[0,0],"7":[0,0],"8":[0,0],"9":[0,0],"10":[0,0],"11":[0,0],"12":[0,0],"13":[0,0],"14":[0,0],"15":[0,0],"16":[0,0],"17":[0,0],"18":[0,0],"19":[0,0],"20":[0,0],"21":[0,0],"22":[0,0],"23":[0,0],"24":[0,0],"25":[0,0],"26":[0,0],"27":[0,0]}}
,"C:\\Users\\DELL\\Desktop\\Projet_GL\\covoiturage\\Frontend\\services\\api.client.ts": {"path":"C:\\Users\\DELL\\Desktop\\Projet_GL\\covoiturage\\Frontend\\services\\api.client.ts","statementMap":{"0":{"start":{"line":104,"column":0},"end":{"line":104,"column":15}},"1":{"start":{"line":6,"column":7},"end":{"line":6,"column":null}},"2":{"start":{"line":8,"column":16},"end":{"line":8,"column":47}},"3":{"start":{"line":13,"column":0},"end":{"line":13,"column":null}},"4":{"start":{"line":14,"column":33},"end":{"line":20,"column":null}},"5":{"start":{"line":25,"column":0},"end":{"line":39,"column":null}},"6":{"start":{"line":28,"column":18},"end":{"line":28,"column":null}},"7":{"start":{"line":31,"column":4},"end":{"line":33,"column":null}},"8":{"start":{"line":32,"column":6},"end":{"line":32,"column":null}},"9":{"start":{"line":35,"column":4},"end":{"line":35,"column":null}},"10":{"start":{"line":38,"column":4},"end":{"line":38,"column":null}},"11":{"start":{"line":45,"column":0},"end":{"line":101,"column":null}},"12":{"start":{"line":47,"column":4},"end":{"line":47,"column":null}},"13":{"start":{"line":50,"column":28},"end":{"line":50,"column":40}},"14":{"start":{"line":55,"column":4},"end":{"line":98,"column":null}},"15":{"start":{"line":56,"column":6},"end":{"line":56,"column":null}},"16":{"start":{"line":58,"column":6},"end":{"line":97,"column":null}},"17":{"start":{"line":60,"column":29},"end":{"line":60,"column":null}},"18":{"start":{"line":62,"column":8},"end":{"line":69,"column":null}},"19":{"start":{"line":64,"column":10},"end":{"line":64,"column":null}},"20":{"start":{"line":65,"column":10},"end":{"line":65,"column":null}},"21":{"start":{"line":66,"column":10},"end":{"line":66,"column":null}},"22":{"start":{"line":67,"column":10},"end":{"line":67,"column":null}},"23":{"start":{"line":68,"column":10},"end":{"line":68,"column":null}},"24":{"start":{"line":72,"column":25},"end":{"line":74,"column":null}},"25":{"start":{"line":76,"column":36},"end":{"line":76,"column":49}},"26":{"start":{"line":79,"column":8},"end":{"line":79,"column":null}},"27":{"start":{"line":80,"column":8},"end":{"line":82,"column":null}},"28":{"start":{"line":81,"column":10},"end":{"line":81,"column":null}},"29":{"start":{"line":85,"column":8},"end":{"line":87,"column":null}},"30":{"start":{"line":86,"column":10},"end":{"line":86,"column":null}},"31":{"start":{"line":89,"column":8},"end":{"line":89,"column":null}},"32":{"start":{"line":92,"column":8},"end":{"line":92,"column":null}},"33":{"start":{"line":93,"column":8},"end":{"line":93,"column":null}},"34":{"start":{"line":94,"column":8},"end":{"line":94,"column":null}},"35":{"start":{"line":95,"column":8},"end":{"line":95,"column":null}},"36":{"start":{"line":96,"column":8},"end":{"line":96,"column":null}},"37":{"start":{"line":100,"column":4},"end":{"line":100,"column":null}},"38":{"start":{"line":104,"column":15},"end":{"line":104,"column":null}}},"fnMap":{"0":{"name":"(anonymous_2)","decl":{"start":{"line":26,"column":2},"end":{"line":26,"column":3}},"loc":{"start":{"line":26,"column":3},"end":{"line":36,"column":null}}},"1":{"name":"(anonymous_3)","decl":{"start":{"line":37,"column":2},"end":{"line":37,"column":3}},"loc":{"start":{"line":37,"column":3},"end":{"line":39,"column":null}}},"2":{"name":"(anonymous_4)","decl":{"start":{"line":46,"column":2},"end":{"line":46,"column":3}},"loc":{"start":{"line":46,"column":3},"end":{"line":48,"column":null}}},"3":{"name":"(anonymous_5)","decl":{"start":{"line":49,"column":2},"end":{"line":49,"column":9}},"loc":{"start":{"line":49,"column":9},"end":{"line":101,"column":null}}}},"branchMap":{"0":{"loc":{"start":{"line":31,"column":4},"end":{"line":33,"column":null}},"type":"if","locations":[{"start":{"line":31,"column":4},"end":{"line":33,"column":null}},{"start":{},"end":{}}]},"1":{"loc":{"start":{"line":31,"column":8},"end":{"line":31,"column":31}},"type":"binary-expr","locations":[{"start":{"line":31,"column":8},"end":{"line":31,"column":17}},{"start":{"line":31,"column":17},"end":{"line":31,"column":31}}]},"2":{"loc":{"start":{"line":55,"column":4},"end":{"line":98,"column":null}},"type":"if","locations":[{"start":{"line":55,"column":4},"end":{"line":98,"column":null}},{"start":{},"end":{}}]},"3":{"loc":{"start":{"line":55,"column":8},"end":{"line":55,"column":65}},"type":"binary-expr","locations":[{"start":{"line":55,"column":8},"end":{"line":55,"column":42}},{"start":{"line":55,"column":42},"end":{"line":55,"column":65}}]},"4":{"loc":{"start":{"line":62,"column":8},"end":{"line":69,"column":null}},"type":"if","locations":[{"start":{"line":62,"column":8},"end":{"line":69,"column":null}},{"start":{},"end":{}}]},"5":{"loc":{"start":{"line":80,"column":8},"end":{"line":82,"column":null}},"type":"if","locations":[{"start":{"line":80,"column":8},"end":{"line":82,"column":null}},{"start":{},"end":{}}]},"6":{"loc":{"start":{"line":85,"column":8},"end":{"line":87,"column":null}},"type":"if","locations":[{"start":{"line":85,"column":8},"end":{"line":87,"column":null}},{"start":{},"end":{}}]}},"s":{"0":42,"1":5,"2":5,"3":5,"4":5,"5":5,"6":18,"7":18,"8":6,"9":18,"10":0,"11":5,"12":10,"13":8,"14":8,"15":4,"16":4,"17":4,"18":4,"19":1,"20":1,"21":1,"22":1,"23":1,"24":3,"25":2,"26":2,"27":2,"28":1,"29":2,"30":2,"31":2,"32":1,"33":1,"34":1,"35":1,"36":1,"37":4,"38":5},"f":{"0":18,"1":0,"2":10,"3":8},"b":{"0":[6,12],"1":[18,6],"2":[4,4],"3":[8,5],"4":[1,3],"5":[1,1],"6":[2,0]}}
,"C:\\Users\\DELL\\Desktop\\Projet_GL\\covoiturage\\Frontend\\services\\auth.service.ts": {"path":"C:\\Users\\DELL\\Desktop\\Projet_GL\\covoiturage\\Frontend\\services\\auth.service.ts","statementMap":{"0":{"start":{"line":392,"column":0},"end":{"line":392,"column":15}},"1":{"start":{"line":2,"column":18},"end":{"line":2,"column":null}},"2":{"start":{"line":4,"column":16},"end":{"line":4,"column":47}},"3":{"start":{"line":80,"column":4},"end":{"line":80,"column":null}},"4":{"start":{"line":81,"column":4},"end":{"line":81,"column":null}},"5":{"start":{"line":85,"column":4},"end":{"line":85,"column":null}},"6":{"start":{"line":89,"column":4},"end":{"line":89,"column":null}},"7":{"start":{"line":93,"column":4},"end":{"line":93,"column":null}},"8":{"start":{"line":94,"column":4},"end":{"line":94,"column":null}},"9":{"start":{"line":95,"column":4},"end":{"line":95,"column":null}},"10":{"start":{"line":99,"column":4},"end":{"line":99,"column":null}},"11":{"start":{"line":103,"column":20},"end":{"line":103,"column":null}},"12":{"start":{"line":104,"column":4},"end":{"line":104,"column":null}},"13":{"start":{"line":108,"column":4},"end":{"line":108,"column":null}},"14":{"start":{"line":113,"column":21},"end":{"line":113,"column":null}},"15":{"start":{"line":114,"column":35},"end":{"line":114,"column":48}},"16":{"start":{"line":116,"column":4},"end":{"line":116,"column":null}},"17":{"start":{"line":117,"column":4},"end":{"line":117,"column":null}},"18":{"start":{"line":119,"column":4},"end":{"line":119,"column":null}},"19":{"start":{"line":123,"column":21},"end":{"line":123,"column":null}},"20":{"start":{"line":124,"column":35},"end":{"line":124,"column":48}},"21":{"start":{"line":126,"column":4},"end":{"line":126,"column":null}},"22":{"start":{"line":127,"column":4},"end":{"line":127,"column":null}},"23":{"start":{"line":129,"column":4},"end":{"line":129,"column":null}},"24":{"start":{"line":133,"column":21},"end":{"line":135,"column":null}},"25":{"start":{"line":136,"column":35},"end":{"line":136,"column":48}},"26":{"start":{"line":138,"column":4},"end":{"line":138,"column":null}},"27":{"start":{"line":139,"column":4},"end":{"line":139,"column":null}},"28":{"start":{"line":141,"column":4},"end":{"line":141,"column":null}},"29":{"start":{"line":145,"column":4},"end":{"line":145,"column":null}},"30":{"start":{"line":150,"column":21},"end":{"line":155,"column":null}},"31":{"start":{"line":157,"column":17},"end":{"line":157,"column":30}},"32":{"start":{"line":158,"column":4},"end":{"line":158,"column":null}},"33":{"start":{"line":159,"column":4},"end":{"line":159,"column":null}},"34":{"start":{"line":167,"column":21},"end":{"line":171,"column":null}},"35":{"start":{"line":172,"column":4},"end":{"line":172,"column":null}},"36":{"start":{"line":183,"column":21},"end":{"line":188,"column":null}},"37":{"start":{"line":191,"column":4},"end":{"line":193,"column":null}},"38":{"start":{"line":200,"column":4},"end":{"line":200,"column":null}},"39":{"start":{"line":212,"column":21},"end":{"line":216,"column":null}},"40":{"start":{"line":217,"column":4},"end":{"line":217,"column":null}},"41":{"start":{"line":225,"column":21},"end":{"line":232,"column":null}},"42":{"start":{"line":236,"column":17},"end":{"line":236,"column":null}},"43":{"start":{"line":237,"column":4},"end":{"line":242,"column":null}},"44":{"start":{"line":238,"column":6},"end":{"line":238,"column":null}},"45":{"start":{"line":239,"column":6},"end":{"line":239,"column":null}},"46":{"start":{"line":240,"column":6},"end":{"line":240,"column":null}},"47":{"start":{"line":241,"column":6},"end":{"line":241,"column":null}},"48":{"start":{"line":244,"column":4},"end":{"line":244,"column":null}},"49":{"start":{"line":254,"column":21},"end":{"line":262,"column":null}},"50":{"start":{"line":264,"column":4},"end":{"line":264,"column":null}},"51":{"start":{"line":272,"column":4},"end":{"line":280,"column":null}},"52":{"start":{"line":284,"column":17},"end":{"line":284,"column":null}},"53":{"start":{"line":285,"column":4},"end":{"line":287,"column":null}},"54":{"start":{"line":286,"column":6},"end":{"line":286,"column":null}},"55":{"start":{"line":292,"column":21},"end":{"line":292,"column":null}},"56":{"start":{"line":293,"column":4},"end":{"line":293,"column":null}},"57":{"start":{"line":294,"column":4},"end":{"line":294,"column":null}},"58":{"start":{"line":296,"column":21},"end":{"line":304,"column":null}},"59":{"start":{"line":306,"column":4},"end":{"line":306,"column":null}},"60":{"start":{"line":311,"column":25},"end":{"line":311,"column":null}},"61":{"start":{"line":313,"column":4},"end":{"line":315,"column":null}},"62":{"start":{"line":314,"column":6},"end":{"line":314,"column":null}},"63":{"start":{"line":317,"column":21},"end":{"line":319,"column":null}},"64":{"start":{"line":321,"column":27},"end":{"line":321,"column":47}},"65":{"start":{"line":322,"column":4},"end":{"line":322,"column":null}},"66":{"start":{"line":324,"column":4},"end":{"line":324,"column":null}},"67":{"start":{"line":354,"column":4},"end":{"line":371,"column":null}},"68":{"start":{"line":355,"column":6},"end":{"line":355,"column":null}},"69":{"start":{"line":355,"column":22},"end":{"line":355,"column":null}},"70":{"start":{"line":356,"column":6},"end":{"line":356,"column":null}},"71":{"start":{"line":356,"column":20},"end":{"line":356,"column":null}},"72":{"start":{"line":358,"column":19},"end":{"line":358,"column":null}},"73":{"start":{"line":359,"column":6},"end":{"line":359,"column":null}},"74":{"start":{"line":361,"column":6},"end":{"line":361,"column":null}},"75":{"start":{"line":362,"column":6},"end":{"line":368,"column":null}},"76":{"start":{"line":363,"column":8},"end":{"line":366,"column":null}},"77":{"start":{"line":370,"column":6},"end":{"line":370,"column":null}},"78":{"start":{"line":370,"column":22},"end":{"line":370,"column":null}},"79":{"start":{"line":382,"column":4},"end":{"line":387,"column":null}},"80":{"start":{"line":383,"column":19},"end":{"line":383,"column":null}},"81":{"start":{"line":384,"column":6},"end":{"line":384,"column":null}},"82":{"start":{"line":386,"column":6},"end":{"line":386,"column":null}},"83":{"start":{"line":74,"column":10},"end":{"line":74,"column":null}},"84":{"start":{"line":75,"column":10},"end":{"line":75,"column":null}},"85":{"start":{"line":76,"column":10},"end":{"line":76,"column":null}},"86":{"start":{"line":391,"column":20},"end":{"line":391,"column":null}},"87":{"start":{"line":392,"column":15},"end":{"line":392,"column":null}}},"fnMap":{"0":{"name":"(anonymous_2)","decl":{"start":{"line":79,"column":2},"end":{"line":79,"column":12}},"loc":{"start":{"line":79,"column":51},"end":{"line":82,"column":null}}},"1":{"name":"(anonymous_3)","decl":{"start":{"line":84,"column":2},"end":{"line":84,"column":34}},"loc":{"start":{"line":84,"column":34},"end":{"line":86,"column":null}}},"2":{"name":"(anonymous_4)","decl":{"start":{"line":88,"column":2},"end":{"line":88,"column":35}},"loc":{"start":{"line":88,"column":35},"end":{"line":90,"column":null}}},"3":{"name":"(anonymous_5)","decl":{"start":{"line":92,"column":2},"end":{"line":92,"column":23}},"loc":{"start":{"line":92,"column":23},"end":{"line":96,"column":null}}},"4":{"name":"(anonymous_6)","decl":{"start":{"line":98,"column":2},"end":{"line":98,"column":10}},"loc":{"start":{"line":98,"column":28},"end":{"line":100,"column":null}}},"5":{"name":"(anonymous_7)","decl":{"start":{"line":102,"column":2},"end":{"line":102,"column":31}},"loc":{"start":{"line":102,"column":31},"end":{"line":105,"column":null}}},"6":{"name":"(anonymous_8)","decl":{"start":{"line":107,"column":2},"end":{"line":107,"column":29}},"loc":{"start":{"line":107,"column":29},"end":{"line":109,"column":null}}},"7":{"name":"(anonymous_9)","decl":{"start":{"line":112,"column":2},"end":{"line":112,"column":8}},"loc":{"start":{"line":112,"column":54},"end":{"line":120,"column":null}}},"8":{"name":"(anonymous_10)","decl":{"start":{"line":122,"column":2},"end":{"line":122,"column":8}},"loc":{"start":{"line":122,"column":60},"end":{"line":130,"column":null}}},"9":{"name":"(anonymous_11)","decl":{"start":{"line":132,"column":2},"end":{"line":132,"column":8}},"loc":{"start":{"line":132,"column":63},"end":{"line":142,"column":null}}},"10":{"name":"(anonymous_12)","decl":{"start":{"line":144,"column":2},"end":{"line":144,"column":17}},"loc":{"start":{"line":144,"column":17},"end":{"line":146,"column":null}}},"11":{"name":"(anonymous_13)","decl":{"start":{"line":149,"column":2},"end":{"line":149,"column":8}},"loc":{"start":{"line":149,"column":40},"end":{"line":160,"column":null}}},"12":{"name":"(anonymous_14)","decl":{"start":{"line":162,"column":2},"end":{"line":162,"column":8}},"loc":{"start":{"line":166,"column":5},"end":{"line":173,"column":null}}},"13":{"name":"(anonymous_15)","decl":{"start":{"line":182,"column":2},"end":{"line":182,"column":8}},"loc":{"start":{"line":182,"column":48},"end":{"line":194,"column":null}}},"14":{"name":"(anonymous_16)","decl":{"start":{"line":199,"column":2},"end":{"line":199,"column":8}},"loc":{"start":{"line":199,"column":51},"end":{"line":201,"column":null}}},"15":{"name":"(anonymous_17)","decl":{"start":{"line":207,"column":2},"end":{"line":207,"column":8}},"loc":{"start":{"line":211,"column":5},"end":{"line":218,"column":null}}},"16":{"name":"(anonymous_18)","decl":{"start":{"line":224,"column":2},"end":{"line":224,"column":8}},"loc":{"start":{"line":224,"column":65},"end":{"line":245,"column":null}}},"17":{"name":"(anonymous_19)","decl":{"start":{"line":253,"column":2},"end":{"line":253,"column":8}},"loc":{"start":{"line":253,"column":72},"end":{"line":265,"column":null}}},"18":{"name":"(anonymous_20)","decl":{"start":{"line":271,"column":2},"end":{"line":271,"column":8}},"loc":{"start":{"line":271,"column":44},"end":{"line":288,"column":null}}},"19":{"name":"(anonymous_21)","decl":{"start":{"line":291,"column":2},"end":{"line":291,"column":8}},"loc":{"start":{"line":291,"column":71},"end":{"line":307,"column":null}}},"20":{"name":"(anonymous_22)","decl":{"start":{"line":310,"column":2},"end":{"line":310,"column":8}},"loc":{"start":{"line":310,"column":40},"end":{"line":325,"column":null}}},"21":{"name":"(anonymous_23)","decl":{"start":{"line":348,"column":2},"end":{"line":348,"column":8}},"loc":{"start":{"line":353,"column":19},"end":{"line":372,"column":null}}},"22":{"name":"(anonymous_24)","decl":{"start":{"line":378,"column":2},"end":{"line":378,"column":8}},"loc":{"start":{"line":381,"column":19},"end":{"line":388,"column":null}}}},"branchMap":{"0":{"loc":{"start":{"line":104,"column":11},"end":{"line":104,"column":null}},"type":"cond-expr","locations":[{"start":{"line":104,"column":21},"end":{"line":104,"column":43}},{"start":{"line":104,"column":43},"end":{"line":104,"column":null}}]},"1":{"loc":{"start":{"line":191,"column":11},"end":{"line":193,"column":39}},"type":"cond-expr","locations":[{"start":{"line":192,"column":8},"end":{"line":192,"column":21}},{"start":{"line":193,"column":8},"end":{"line":193,"column":39}}]},"2":{"loc":{"start":{"line":193,"column":8},"end":{"line":193,"column":39}},"type":"binary-expr","locations":[{"start":{"line":193,"column":8},"end":{"line":193,"column":33}},{"start":{"line":193,"column":37},"end":{"line":193,"column":39}}]},"3":{"loc":{"start":{"line":237,"column":4},"end":{"line":242,"column":null}},"type":"if","locations":[{"start":{"line":237,"column":4},"end":{"line":242,"column":null}},{"start":{},"end":{}}]},"4":{"loc":{"start":{"line":285,"column":4},"end":{"line":287,"column":null}},"type":"if","locations":[{"start":{"line":285,"column":4},"end":{"line":287,"column":null}},{"start":{},"end":{}}]},"5":{"loc":{"start":{"line":313,"column":4},"end":{"line":315,"column":null}},"type":"if","locations":[{"start":{"line":313,"column":4},"end":{"line":315,"column":null}},{"start":{},"end":{}}]},"6":{"loc":{"start":{"line":355,"column":6},"end":{"line":355,"column":null}},"type":"if","locations":[{"start":{"line":355,"column":6},"end":{"line":355,"column":null}},{"start":{},"end":{}}]},"7":{"loc":{"start":{"line":356,"column":6},"end":{"line":356,"column":null}},"type":"if","locations":[{"start":{"line":356,"column":6},"end":{"line":356,"column":null}},{"start":{},"end":{}}]},"8":{"loc":{"start":{"line":362,"column":6},"end":{"line":368,"column":null}},"type":"if","locations":[{"start":{"line":362,"column":6},"end":{"line":368,"column":null}},{"start":{},"end":{}}]},"9":{"loc":{"start":{"line":364,"column":10},"end":{"line":366,"column":null}},"type":"binary-expr","locations":[{"start":{"line":364,"column":10},"end":{"line":364,"column":null}},{"start":{"line":365,"column":12},"end":{"line":365,"column":25}},{"start":{"line":366,"column":12},"end":{"line":366,"column":null}}]},"10":{"loc":{"start":{"line":370,"column":6},"end":{"line":370,"column":null}},"type":"if","locations":[{"start":{"line":370,"column":6},"end":{"line":370,"column":null}},{"start":{},"end":{}}]}},"s":{"0":57,"1":7,"2":7,"3":5,"4":5,"5":22,"6":5,"7":3,"8":3,"9":3,"10":9,"11":6,"12":6,"13":2,"14":4,"15":2,"16":2,"17":2,"18":2,"19":2,"20":1,"21":1,"22":1,"23":1,"24":2,"25":1,"26":1,"27":1,"28":1,"29":2,"30":3,"31":1,"32":1,"33":1,"34":1,"35":1,"36":5,"37":3,"38":1,"39":2,"40":1,"41":3,"42":2,"43":2,"44":1,"45":1,"46":1,"47":1,"48":2,"49":1,"50":1,"51":2,"52":2,"53":2,"54":1,"55":1,"56":1,"57":1,"58":1,"59":1,"60":4,"61":4,"62":1,"63":3,"64":1,"65":1,"66":1,"67":3,"68":3,"69":3,"70":3,"71":3,"72":3,"73":1,"74":2,"75":2,"76":2,"77":3,"78":3,"79":2,"80":2,"81":1,"82":1,"83":7,"84":7,"85":7,"86":7,"87":7},"f":{"0":5,"1":22,"2":5,"3":3,"4":9,"5":6,"6":2,"7":4,"8":2,"9":2,"10":2,"11":3,"12":1,"13":5,"14":1,"15":2,"16":3,"17":1,"18":2,"19":1,"20":4,"21":3,"22":2},"b":{"0":[3,3],"1":[1,2],"2":[2,1],"3":[1,1],"4":[1,1],"5":[1,3],"6":[3,0],"7":[3,0],"8":[2,0],"9":[2,1,0],"10":[3,0]}}
,"C:\\Users\\DELL\\Desktop\\Projet_GL\\covoiturage\\Frontend\\services\\messagingService.ts": {"path":"C:\\Users\\DELL\\Desktop\\Projet_GL\\covoiturage\\Frontend\\services\\messagingService.ts","statementMap":{"0":{"start":{"line":144,"column":0},"end":{"line":144,"column":15}},"1":{"start":{"line":2,"column":16},"end":{"line":2,"column":null}},"2":{"start":{"line":50,"column":4},"end":{"line":72,"column":null}},"3":{"start":{"line":51,"column":23},"end":{"line":51,"column":null}},"4":{"start":{"line":54,"column":19},"end":{"line":54,"column":32}},"5":{"start":{"line":57,"column":6},"end":{"line":59,"column":null}},"6":{"start":{"line":58,"column":8},"end":{"line":58,"column":null}},"7":{"start":{"line":62,"column":6},"end":{"line":64,"column":null}},"8":{"start":{"line":63,"column":8},"end":{"line":63,"column":null}},"9":{"start":{"line":67,"column":6},"end":{"line":67,"column":null}},"10":{"start":{"line":68,"column":6},"end":{"line":68,"column":null}},"11":{"start":{"line":70,"column":6},"end":{"line":70,"column":null}},"12":{"start":{"line":71,"column":6},"end":{"line":71,"column":17}},"13":{"start":{"line":79,"column":4},"end":{"line":85,"column":null}},"14":{"start":{"line":80,"column":23},"end":{"line":80,"column":null}},"15":{"start":{"line":81,"column":6},"end":{"line":81,"column":null}},"16":{"start":{"line":83,"column":6},"end":{"line":83,"column":null}},"17":{"start":{"line":84,"column":6},"end":{"line":84,"column":null}},"18":{"start":{"line":92,"column":4},"end":{"line":100,"column":null}},"19":{"start":{"line":93,"column":23},"end":{"line":94,"column":null}},"20":{"start":{"line":96,"column":6},"end":{"line":96,"column":null}},"21":{"start":{"line":98,"column":6},"end":{"line":98,"column":null}},"22":{"start":{"line":99,"column":6},"end":{"line":99,"column":null}},"23":{"start":{"line":107,"column":4},"end":{"line":113,"column":null}},"24":{"start":{"line":108,"column":23},"end":{"line":108,"column":null}},"25":{"start":{"line":109,"column":6},"end":{"line":109,"column":null}},"26":{"start":{"line":111,"column":6},"end":{"line":111,"column":null}},"27":{"start":{"line":112,"column":6},"end":{"line":112,"column":null}},"28":{"start":{"line":120,"column":4},"end":{"line":126,"column":null}},"29":{"start":{"line":121,"column":23},"end":{"line":121,"column":null}},"30":{"start":{"line":122,"column":6},"end":{"line":122,"column":null}},"31":{"start":{"line":124,"column":6},"end":{"line":124,"column":null}},"32":{"start":{"line":125,"column":6},"end":{"line":125,"column":null}},"33":{"start":{"line":133,"column":4},"end":{"line":140,"column":null}},"34":{"start":{"line":134,"column":6},"end":{"line":136,"column":null}},"35":{"start":{"line":138,"column":6},"end":{"line":138,"column":null}},"36":{"start":{"line":139,"column":6},"end":{"line":139,"column":null}},"37":{"start":{"line":144,"column":15},"end":{"line":144,"column":null}}},"fnMap":{"0":{"name":"(anonymous_2)","decl":{"start":{"line":49,"column":2},"end":{"line":49,"column":8}},"loc":{"start":{"line":49,"column":62},"end":{"line":73,"column":null}}},"1":{"name":"(anonymous_3)","decl":{"start":{"line":78,"column":2},"end":{"line":78,"column":8}},"loc":{"start":{"line":78,"column":55},"end":{"line":86,"column":null}}},"2":{"name":"(anonymous_4)","decl":{"start":{"line":91,"column":2},"end":{"line":91,"column":8}},"loc":{"start":{"line":91,"column":47},"end":{"line":101,"column":null}}},"3":{"name":"(anonymous_5)","decl":{"start":{"line":106,"column":2},"end":{"line":106,"column":8}},"loc":{"start":{"line":106,"column":43},"end":{"line":114,"column":null}}},"4":{"name":"(anonymous_6)","decl":{"start":{"line":119,"column":2},"end":{"line":119,"column":8}},"loc":{"start":{"line":119,"column":42},"end":{"line":127,"column":null}}},"5":{"name":"(anonymous_7)","decl":{"start":{"line":132,"column":2},"end":{"line":132,"column":8}},"loc":{"start":{"line":132,"column":54},"end":{"line":141,"column":null}}}},"branchMap":{"0":{"loc":{"start":{"line":57,"column":6},"end":{"line":59,"column":null}},"type":"if","locations":[{"start":{"line":57,"column":6},"end":{"line":59,"column":null}},{"start":{},"end":{}}]},"1":{"loc":{"start":{"line":57,"column":10},"end":{"line":57,"column":65}},"type":"binary-expr","locations":[{"start":{"line":57,"column":10},"end":{"line":57,"column":18}},{"start":{"line":57,"column":18},"end":{"line":57,"column":46}},{"start":{"line":57,"column":46},"end":{"line":57,"column":65}}]},"2":{"loc":{"start":{"line":62,"column":6},"end":{"line":64,"column":null}},"type":"if","locations":[{"start":{"line":62,"column":6},"end":{"line":64,"column":null}},{"start":{},"end":{}}]}},"s":{"0":15,"1":1,"2":4,"3":4,"4":3,"5":3,"6":1,"7":2,"8":1,"9":1,"10":1,"11":1,"12":1,"13":2,"14":2,"15":1,"16":1,"17":1,"18":2,"19":2,"20":1,"21":1,"22":1,"23":2,"24":2,"25":1,"26":1,"27":1,"28":2,"29":2,"30":1,"31":1,"32":1,"33":3,"34":3,"35":1,"36":1,"37":1},"f":{"0":4,"1":2,"2":2,"3":2,"4":2,"5":3},"b":{"0":[1,2],"1":[3,3,3],"2":[1,1]}}
[...]
umn":null}},"34":{"start":{"line":100,"column":6},"end":{"line":116,"column":null}},"35":{"start":{"line":101,"column":26},"end":{"line":101,"column":null}},"36":{"start":{"line":102,"column":27},"end":{"line":102,"column":54}},"37":{"start":{"line":104,"column":8},"end":{"line":113,"column":null}},"38":{"start":{"line":105,"column":28},"end":{"line":105,"column":null}},"39":{"start":{"line":106,"column":10},"end":{"line":110,"column":null}},"40":{"start":{"line":112,"column":10},"end":{"line":112,"column":null}},"41":{"start":{"line":115,"column":8},"end":{"line":115,"column":null}},"42":{"start":{"line":118,"column":21},"end":{"line":118,"column":null}},"43":{"start":{"line":120,"column":6},"end":{"line":124,"column":null}},"44":{"start":{"line":127,"column":6},"end":{"line":127,"column":null}},"45":{"start":{"line":129,"column":6},"end":{"line":129,"column":null}},"46":{"start":{"line":131,"column":23},"end":{"line":131,"column":null}},"47":{"start":{"line":132,"column":6},"end":{"line":132,"column":null}},"48":{"start":{"line":133,"column":6},"end":{"line":133,"column":null}},"49":{"start":{"line":139,"column":4},"end":{"line":146,"column":null}}},"fnMap":{"0":{"name":"(anonymous_1)","decl":{"start":{"line":39,"column":56},"end":{"line":39,"column":57}},"loc":{"start":{"line":39,"column":71},"end":{"line":147,"column":null}}},"1":{"name":"(anonymous_2)","decl":{"start":{"line":49,"column":16},"end":{"line":49,"column":17}},"loc":{"start":{"line":49,"column":26},"end":{"line":49,"column":null}}},"2":{"name":"(anonymous_3)","decl":{"start":{"line":50,"column":19},"end":{"line":50,"column":20}},"loc":{"start":{"line":50,"column":29},"end":{"line":50,"column":null}}},"3":{"name":"(anonymous_4)","decl":{"start":{"line":51,"column":19},"end":{"line":51,"column":20}},"loc":{"start":{"line":51,"column":29},"end":{"line":51,"column":null}}},"4":{"name":"(anonymous_5)","decl":{"start":{"line":52,"column":14},"end":{"line":52,"column":15}},"loc":{"start":{"line":52,"column":27},"end":{"line":52,"column":null}}},"5":{"name":"(anonymous_6)","decl":{"start":{"line":53,"column":18},"end":{"line":53,"column":19}},"loc":{"start":{"line":53,"column":29},"end":{"line":53,"column":null}}},"6":{"name":"(anonymous_7)","decl":{"start":{"line":54,"column":20},"end":{"line":54,"column":21}},"loc":{"start":{"line":54,"column":33},"end":{"line":54,"column":null}}},"7":{"name":"(anonymous_8)","decl":{"start":{"line":57,"column":18},"end":{"line":57,"column":null}},"loc":{"start":{"line":57,"column":18},"end":{"line":74,"column":null}}},"8":{"name":"(anonymous_9)","decl":{"start":{"line":77,"column":18},"end":{"line":77,"column":null}},"loc":{"start":{"line":77,"column":18},"end":{"line":135,"column":null}}},"9":{"name":"(anonymous_10)","decl":{"start":{"line":138,"column":9},"end":{"line":138,"column":null}},"loc":{"start":{"line":139,"column":4},"end":{"line":146,"column":null}}}},"branchMap":{"0":{"loc":{"start":{"line":60,"column":6},"end":{"line":60,"column":null}},"type":"if","locations":[{"start":{"line":60,"column":6},"end":{"line":60,"column":null}},{"start":{},"end":{}}]},"1":{"loc":{"start":{"line":66,"column":6},"end":{"line":66,"column":null}},"type":"if","locations":[{"start":{"line":66,"column":6},"end":{"line":66,"column":null}},{"start":{},"end":{}}]},"2":{"loc":{"start":{"line":80,"column":4},"end":{"line":82,"column":null}},"type":"if","locations":[{"start":{"line":80,"column":4},"end":{"line":82,"column":null}},{"start":{},"end":{}}]},"3":{"loc":{"start":{"line":88,"column":6},"end":{"line":88,"column":null}},"type":"if","locations":[{"start":{"line":88,"column":6},"end":{"line":88,"column":null}},{"start":{},"end":{}}]},"4":{"loc":{"start":{"line":100,"column":6},"end":{"line":116,"column":null}},"type":"if","locations":[{"start":{"line":100,"column":6},"end":{"line":116,"column":null}},{"start":{},"end":{}}]},"5":{"loc":{"start":{"line":107,"column":12},"end":{"line":110,"column":null}},"type":"binary-expr","locations":[{"start":{"line":107,"column":12},"end":{"line":107,"column":28}},{"start":{"line":108,"column":12},"end":{"line":108,"column":29}},{"start":{"line":109,"column":12},"end":{"line":109,"column":27}},{"start":{"line":110,"column":12},"end":{"line":110,"column":null}}]},"6":{"loc":{"start":{"line":131,"column":23},"end":{"line":131,"column":null}},"type":"binary-expr","locations":[{"start":{"line":131,"column":23},"end":{"line":131,"column":36}},{"start":{"line":131,"column":40},"end":{"line":131,"column":null}}]}},"s":{"0":0,"1":0,"2":0,"3":0,"4":0,"5":0,"6":0,"7":0,"8":0,"9":0,"10":0,"11":0,"12":0,"13":0,"14":0,"15":0,"16":0,"17":0,"18":0,"19":0,"20":0,"21":0,"22":0,"23":0,"24":0,"25":0,"26":0,"27":0,"28":0,"29":0,"30":0,"31":0,"32":0,"33":0,"34":0,"35":0,"36":0,"37":0,"38":0,"39":0,"40":0,"41":0,"42":0,"43":0,"44":0,"45":0,"46":0,"47":0,"48":0,"49":0},"f":{"0":0,"1":0,"2":0,"3":0,"4":0,"5":0,"6":0,"7":0,"8":0,"9":0},"b":{"0":[0,0],"1":[0,0],"2":[0,0],"3":[0,0],"4":[0,0],"5":[0,0,0,0],"6":[0,0]}}
,"C:\\Users\\DELL\\Desktop\\Projet_GL\\covoiturage\\Frontend\\stores\\notifications-store.ts": {"path":"C:\\Users\\DELL\\Desktop\\Projet_GL\\covoiturage\\Frontend\\stores\\notifications-store.ts","statementMap":{"0":{"start":{"line":28,"column":13},"end":{"line":28,"column":37}},"1":{"start":{"line":3,"column":23},"end":{"line":3,"column":null}},"2":{"start":{"line":4,"column":40},"end":{"line":4,"column":null}},"3":{"start":{"line":28,"column":37},"end":{"line":73,"column":null}},"4":{"start":{"line":30,"column":14},"end":{"line":70,"column":null}},"5":{"start":{"line":35,"column":8},"end":{"line":40,"column":null}},"6":{"start":{"line":35,"column":24},"end":{"line":40,"column":null}},"7":{"start":{"line":43,"column":8},"end":{"line":48,"column":null}},"8":{"start":{"line":43,"column":24},"end":{"line":48,"column":null}},"9":{"start":{"line":45,"column":12},"end":{"line":45,"column":null}},"10":{"start":{"line":51,"column":8},"end":{"line":57,"column":null}},"11":{"start":{"line":51,"column":24},"end":{"line":57,"column":null}},"12":{"start":{"line":52,"column":57},"end":{"line":55,"column":null}},"13":{"start":{"line":60,"column":8},"end":{"line":69,"column":null}},"14":{"start":{"line":61,"column":31},"end":{"line":61,"column":null}},"15":{"start":{"line":61,"column":63},"end":{"line":61,"column":null}},"16":{"start":{"line":62,"column":10},"end":{"line":68,"column":null}},"17":{"start":{"line":63,"column":61},"end":{"line":63,"column":null}}},"fnMap":{"0":{"name":"(anonymous_1)","decl":{"start":{"line":30,"column":4},"end":{"line":30,"column":5}},"loc":{"start":{"line":30,"column":14},"end":{"line":70,"column":null}}},"1":{"name":"(anonymous_2)","decl":{"start":{"line":34,"column":23},"end":{"line":34,"column":24}},"loc":{"start":{"line":35,"column":8},"end":{"line":40,"column":null}}},"2":{"name":"(anonymous_3)","decl":{"start":{"line":35,"column":12},"end":{"line":35,"column":13}},"loc":{"start":{"line":35,"column":24},"end":{"line":40,"column":null}}},"3":{"name":"(anonymous_4)","decl":{"start":{"line":42,"column":18},"end":{"line":42,"column":19}},"loc":{"start":{"line":43,"column":8},"end":{"line":48,"column":null}}},"4":{"name":"(anonymous_5)","decl":{"start":{"line":43,"column":12},"end":{"line":43,"column":13}},"loc":{"start":{"line":43,"column":24},"end":{"line":48,"column":null}}},"5":{"name":"(anonymous_6)","decl":{"start":{"line":44,"column":49},"end":{"line":44,"column":50}},"loc":{"start":{"line":45,"column":12},"end":{"line":45,"column":null}}},"6":{"name":"(anonymous_7)","decl":{"start":{"line":50,"column":21},"end":{"line":50,"column":null}},"loc":{"start":{"line":51,"column":8},"end":{"line":57,"column":null}}},"7":{"name":"(anonymous_8)","decl":{"start":{"line":51,"column":12},"end":{"line":51,"column":13}},"loc":{"start":{"line":51,"column":24},"end":{"line":57,"column":null}}},"8":{"name":"(anonymous_9)","decl":{"start":{"line":52,"column":49},"end":{"line":52,"column":50}},"loc":{"start":{"line":52,"column":57},"end":{"line":55,"column":null}}},"9":{"name":"(anonymous_10)","decl":{"start":{"line":59,"column":26},"end":{"line":59,"column":27}},"loc":{"start":{"line":60,"column":8},"end":{"line":69,"column":null}}},"10":{"name":"(anonymous_11)","decl":{"start":{"line":60,"column":12},"end":{"line":60,"column":13}},"loc":{"start":{"line":60,"column":13},"end":{"line":69,"column":null}}},"11":{"name":"(anonymous_12)","decl":{"start":{"line":61,"column":56},"end":{"line":61,"column":57}},"loc":{"start":{"line":61,"column":63},"end":{"line":61,"column":null}}},"12":{"name":"(anonymous_13)","decl":{"start":{"line":63,"column":54},"end":{"line":63,"column":55}},"loc":{"start":{"line":63,"column":61},"end":{"line":63,"column":null}}}},"branchMap":{"0":{"loc":{"start":{"line":37,"column":23},"end":{"line":39,"column":null}},"type":"cond-expr","locations":[{"start":{"line":38,"column":14},"end":{"line":38,"column":31}},{"start":{"line":39,"column":14},"end":{"line":39,"column":null}}]},"1":{"loc":{"start":{"line":45,"column":12},"end":{"line":45,"column":null}},"type":"cond-expr","locations":[{"start":{"line":45,"column":26},"end":{"line":45,"column":49}},{"start":{"line":45,"column":49},"end":{"line":45,"column":null}}]},"2":{"loc":{"start":{"line":65,"column":14},"end":{"line":67,"column":35}},"type":"cond-expr","locations":[{"start":{"line":66,"column":18},"end":{"line":66,"column":null}},{"start":{"line":67,"column":18},"end":{"line":67,"column":35}}]},"3":{"loc":{"start":{"line":65,"column":14},"end":{"line":65,"column":48}},"type":"binary-expr","locations":[{"start":{"line":65,"column":14},"end":{"line":65,"column":30}},{"start":{"line":65,"column":30},"end":{"line":65,"column":48}}]}},"s":{"0":15,"1":1,"2":1,"3":1,"4":1,"5":5,"6":5,"7":1,"8":1,"9":1,"10":1,"11":1,"12":2,"13":1,"14":1,"15":1,"16":1,"17":1},"f":{"0":1,"1":5,"2":5,"3":1,"4":1,"5":1,"6":1,"7":1,"8":2,"9":1,"10":1,"11":1,"12":1},"b":{"0":[0,5],"1":[1,0],"2":[1,0],"3":[1,1]}}
,"C:\\Users\\DELL\\Desktop\\Projet_GL\\covoiturage\\Frontend\\stores\\preferences-store.ts": {"path":"C:\\Users\\DELL\\Desktop\\Projet_GL\\covoiturage\\Frontend\\stores\\preferences-store.ts","statementMap":{"0":{"start":{"line":16,"column":13},"end":{"line":16,"column":35}},"1":{"start":{"line":3,"column":23},"end":{"line":3,"column":null}},"2":{"start":{"line":4,"column":24},"end":{"line":4,"column":null}},"3":{"start":{"line":16,"column":35},"end":{"line":42,"column":null}},"4":{"start":{"line":16,"column":75},"end":{"line":42,"column":null}},"5":{"start":{"line":22,"column":4},"end":{"line":26,"column":null}},"6":{"start":{"line":22,"column":20},"end":{"line":26,"column":null}},"7":{"start":{"line":24,"column":50},"end":{"line":24,"column":null}},"8":{"start":{"line":28,"column":27},"end":{"line":28,"column":null}},"9":{"start":{"line":29,"column":32},"end":{"line":29,"column":null}},"10":{"start":{"line":32,"column":4},"end":{"line":40,"column":null}},"11":{"start":{"line":33,"column":6},"end":{"line":33,"column":null}},"12":{"start":{"line":34,"column":38},"end":{"line":34,"column":null}},"13":{"start":{"line":35,"column":6},"end":{"line":35,"column":null}},"14":{"start":{"line":36,"column":6},"end":{"line":36,"column":null}},"15":{"start":{"line":38,"column":6},"end":{"line":38,"column":null}},"16":{"start":{"line":39,"column":6},"end":{"line":39,"column":null}}},"fnMap":{"0":{"name":"(anonymous_2)","decl":{"start":{"line":16,"column":60},"end":{"line":16,"column":61}},"loc":{"start":{"line":16,"column":75},"end":{"line":42,"column":null}}},"1":{"name":"(anonymous_3)","decl":{"start":{"line":21,"column":20},"end":{"line":21,"column":21}},"loc":{"start":{"line":22,"column":4},"end":{"line":26,"column":null}}},"2":{"name":"(anonymous_4)","decl":{"start":{"line":22,"column":8},"end":{"line":22,"column":9}},"loc":{"start":{"line":22,"column":20},"end":{"line":26,"column":null}}},"3":{"name":"(anonymous_5)","decl":{"start":{"line":24,"column":43},"end":{"line":24,"column":44}},"loc":{"start":{"line":24,"column":50},"end":{"line":24,"column":null}}},"4":{"name":"(anonymous_6)","decl":{"start":{"line":28,"column":18},"end":{"line":28,"column":19}},"loc":{"start":{"line":28,"column":27},"end":{"line":28,"column":null}}},"5":{"name":"(anonymous_7)","decl":{"start":{"line":29,"column":21},"end":{"line":29,"column":22}},"loc":{"start":{"line":29,"column":32},"end":{"line":29,"column":null}}},"6":{"name":"(anonymous_8)","decl":{"start":{"line":31,"column":19},"end":{"line":31,"column":null}},"loc":{"start":{"line":31,"column":19},"end":{"line":41,"column":null}}}},"branchMap":{"0":{"loc":{"start":{"line":23,"column":27},"end":{"line":25,"column":null}},"type":"cond-expr","locations":[{"start":{"line":24,"column":10},"end":{"line":24,"column":null}},{"start":{"line":25,"column":10},"end":{"line":25,"column":null}}]}},"s":{"0":0,"1":0,"2":0,"3":0,"4":0,"5":0,"6":0,"7":0,"8":0,"9":0,"10":0,"11":0,"12":0,"13":0,"14":0,"15":0,"16":0},"f":{"0":0,"1":0,"2":0,"3":0,"4":0,"5":0,"6":0},"b":{"0":[0,0]}}
,"C:\\Users\\DELL\\Desktop\\Projet_GL\\covoiturage\\Frontend\\stores\\trips-store.ts": {"path":"C:\\Users\\DELL\\Desktop\\Projet_GL\\covoiturage\\Frontend\\stores\\trips-store.ts","statementMap":{"0":{"start":{"line":38,"column":13},"end":{"line":38,"column":29}},"1":{"start":{"line":2,"column":23},"end":{"line":2,"column":null}},"2":{"start":{"line":38,"column":29},"end":{"line":92,"column":null}},"3":{"start":{"line":38,"column":58},"end":{"line":92,"column":null}},"4":{"start":{"line":48,"column":29},"end":{"line":48,"column":null}},"5":{"start":{"line":49,"column":32},"end":{"line":49,"column":null}},"6":{"start":{"line":50,"column":31},"end":{"line":50,"column":null}},"7":{"start":{"line":51,"column":29},"end":{"line":51,"column":null}},"8":{"start":{"line":55,"column":4},"end":{"line":57,"column":null}},"9":{"start":{"line":55,"column":20},"end":{"line":57,"column":null}},"10":{"start":{"line":61,"column":4},"end":{"line":68,"column":null}},"11":{"start":{"line":61,"column":20},"end":{"line":68,"column":null}},"12":{"start":{"line":63,"column":8},"end":{"line":63,"column":null}},"13":{"start":{"line":66,"column":8},"end":{"line":66,"column":null}},"14":{"start":{"line":72,"column":4},"end":{"line":76,"column":null}},"15":{"start":{"line":72,"column":20},"end":{"line":76,"column":null}},"16":{"start":{"line":74,"column":8},"end":{"line":74,"column":null}},"17":{"start":{"line":80,"column":4},"end":{"line":90,"column":null}},"18":{"start":{"line":81,"column":6},"end":{"line":81,"column":null}},"19":{"start":{"line":87,"column":6},"end":{"line":87,"column":null}},"20":{"start":{"line":89,"column":6},"end":{"line":89,"column":null}}},"fnMap":{"0":{"name":"(anonymous_1)","decl":{"start":{"line":38,"column":48},"end":{"line":38,"column":49}},"loc":{"start":{"line":38,"column":58},"end":{"line":92,"column":null}}},"1":{"name":"(anonymous_2)","decl":{"start":{"line":48,"column":18},"end":{"line":48,"column":19}},"loc":{"start":{"line":48,"column":29},"end":{"line":48,"column":null}}},"2":{"name":"(anonymous_3)","decl":{"start":{"line":49,"column":21},"end":{"line":49,"column":22}},"loc":{"start":{"line":49,"column":32},"end":{"line":49,"column":null}}},"3":{"name":"(anonymous_4)","decl":{"start":{"line":50,"column":20},"end":{"line":50,"column":21}},"loc":{"start":{"line":50,"column":31},"end":{"line":50,"column":null}}},"4":{"name":"(anonymous_5)","decl":{"start":{"line":51,"column":19},"end":{"line":51,"column":20}},"loc":{"start":{"line":51,"column":29},"end":{"line":51,"column":null}}},"5":{"name":"(anonymous_6)","decl":{"start":{"line":54,"column":11},"end":{"line":54,"column":12}},"loc":{"start":{"line":55,"column":4},"end":{"line":57,"column":null}}},"6":{"name":"(anonymous_7)","decl":{"start":{"line":55,"column":8},"end":{"line":55,"column":9}},"loc":{"start":{"line":55,"column":20},"end":{"line":57,"column":null}}},"7":{"name":"(anonymous_8)","decl":{"start":{"line":60,"column":14},"end":{"line":60,"column":15}},"loc":{"start":{"line":61,"column":4},"end":{"line":68,"column":null}}},"8":{"name":"(anonymous_9)","decl":{"start":{"line":61,"column":8},"end":{"line":61,"column":9}},"loc":{"start":{"line":61,"column":20},"end":{"line":68,"column":null}}},"9":{"name":"(anonymous_10)","decl":{"start":{"line":62,"column":41},"end":{"line":62,"column":42}},"loc":{"start":{"line":63,"column":8},"end":{"line":63,"column":null}}},"10":{"name":"(anonymous_11)","decl":{"start":{"line":65,"column":47},"end":{"line":65,"column":48}},"loc":{"start":{"line":66,"column":8},"end":{"line":66,"column":null}}},"11":{"name":"(anonymous_12)","decl":{"start":{"line":71,"column":14},"end":{"line":71,"column":15}},"loc":{"start":{"line":72,"column":4},"end":{"line":76,"column":null}}},"12":{"name":"(anonymous_13)","decl":{"start":{"line":72,"column":8},"end":{"line":72,"column":9}},"loc":{"start":{"line":72,"column":20},"end":{"line":76,"column":null}}},"13":{"name":"(anonymous_14)","decl":{"start":{"line":73,"column":41},"end":{"line":73,"column":42}},"loc":{"start":{"line":74,"column":8},"end":{"line":74,"column":null}}},"14":{"name":"(anonymous_15)","decl":{"start":{"line":79,"column":15},"end":{"line":79,"column":null}},"loc":{"start":{"line":79,"column":15},"end":{"line":91,"column":null}}}},"branchMap":{"0":{"loc":{"start":{"line":63,"column":8},"end":{"line":63,"column":null}},"type":"cond-expr","locations":[{"start":{"line":63,"column":22},"end":{"line":63,"column":45}},{"start":{"line":63,"column":45},"end":{"line":63,"column":null}}]},"1":{"loc":{"start":{"line":66,"column":8},"end":{"line":66,"column":null}},"type":"cond-expr","locations":[{"start":{"line":66,"column":22},"end":{"line":66,"column":45}},{"start":{"line":66,"column":45},"end":{"line":66,"column":null}}]},"2":{"loc":{"start":{"line":74,"column":8},"end":{"line":74,"column":null}},"type":"cond-expr","locations":[{"start":{"line":74,"column":22},"end":{"line":74,"column":63}},{"start":{"line":74,"column":63},"end":{"line":74,"column":null}}]}},"s":{"0":116,"1":1,"2":1,"3":1,"4":3,"5":2,"6":1,"7":1,"8":1,"9":1,"10":1,"11":1,"12":1,"13":1,"14":1,"15":1,"16":1,"17":1,"18":1,"19":1,"20":0},"f":{"0":1,"1":3,"2":2,"3":1,"4":1,"5":1,"6":1,"7":1,"8":1,"9":1,"10":1,"11":1,"12":1,"13":1,"14":1},"b":{"0":[1,0],"1":[1,0],"2":[1,0]}}
,"C:\\Users\\DELL\\Desktop\\Projet_GL\\covoiturage\\Frontend\\stores\\ui-store.ts": {"path":"C:\\Users\\DELL\\Desktop\\Projet_GL\\covoiturage\\Frontend\\stores\\ui-store.ts","statementMap":{"0":{"start":{"line":12,"column":13},"end":{"line":12,"column":26}},"1":{"start":{"line":1,"column":23},"end":{"line":1,"column":null}},"2":{"start":{"line":12,"column":26},"end":{"line":20,"column":null}},"3":{"start":{"line":12,"column":52},"end":{"line":20,"column":null}},"4":{"start":{"line":17,"column":23},"end":{"line":17,"column":null}},"5":{"start":{"line":17,"column":39},"end":{"line":17,"column":null}},"6":{"start":{"line":18,"column":28},"end":{"line":18,"column":null}},"7":{"start":{"line":19,"column":20},"end":{"line":19,"column":null}}},"fnMap":{"0":{"name":"(anonymous_1)","decl":{"start":{"line":12,"column":42},"end":{"line":12,"column":43}},"loc":{"start":{"line":12,"column":52},"end":{"line":20,"column":null}}},"1":{"name":"(anonymous_2)","decl":{"start":{"line":17,"column":17},"end":{"line":17,"column":23}},"loc":{"start":{"line":17,"column":23},"end":{"line":17,"column":null}}},"2":{"name":"(anonymous_3)","decl":{"start":{"line":17,"column":27},"end":{"line":17,"column":28}},"loc":{"start":{"line":17,"column":39},"end":{"line":17,"column":null}}},"3":{"name":"(anonymous_4)","decl":{"start":{"line":18,"column":13},"end":{"line":18,"column":14}},"loc":{"start":{"line":18,"column":28},"end":{"line":18,"column":null}}},"4":{"name":"(anonymous_5)","decl":{"start":{"line":19,"column":14},"end":{"line":19,"column":20}},"loc":{"start":{"line":19,"column":20},"end":{"line":19,"column":null}}}},"branchMap":{},"s":{"0":8,"1":1,"2":1,"3":1,"4":1,"5":1,"6":1,"7":1},"f":{"0":1,"1":1,"2":1,"3":1,"4":1},"b":{}}
}
