TN:
SF:hooks\use-auth.ts
FN:9,useAuth
FN:16,(anonymous_3)
FN:52,(anonymous_4)
FN:60,(anonymous_5)
FN:68,(anonymous_6)
FNF:5
FNH:0
FNDA:0,useAuth
FNDA:0,(anonymous_3)
FNDA:0,(anonymous_4)
FNDA:0,(anonymous_5)
FNDA:0,(anonymous_6)
DA:4,0
DA:5,0
DA:7,0
DA:9,0
DA:10,0
DA:11,0
DA:16,0
DA:17,0
DA:18,0
DA:20,0
DA:28,0
DA:32,0
DA:33,0
DA:37,0
DA:38,0
DA:39,0
DA:43,0
DA:44,0
DA:46,0
DA:48,0
DA:52,0
DA:53,0
DA:56,0
DA:57,0
DA:60,0
DA:61,0
DA:65,0
DA:68,0
DA:69,0
DA:70,0
DA:73,0
LF:31
LH:0
BRDA:28,0,0,0
BRDA:28,0,1,0
BRDA:29,1,0,0
BRDA:29,1,1,0
BRDA:29,1,2,0
BRDA:37,2,0,0
BRDA:37,2,1,0
BRF:7
BRH:0
end_of_record
TN:
SF:hooks\use-mobile.ts
FN:5,useIsMobile
FN:10,(anonymous_5)
FN:12,(anonymous_6)
FN:17,(anonymous_7)
FNF:4
FNH:4
FNDA:12,useIsMobile
FNDA:5,(anonymous_5)
FNDA:1,(anonymous_6)
FNDA:5,(anonymous_7)
DA:1,1
DA:3,1
DA:5,12
DA:6,12
DA:10,12
DA:11,5
DA:12,5
DA:13,1
DA:15,5
DA:16,5
DA:17,5
DA:20,12
LF:12
LH:12
BRF:0
BRH:0
end_of_record
TN:
SF:hooks\use-toast.ts
FN:27,genId
FN:58,(anonymous_8)
FN:63,(anonymous_9)
FN:74,(anonymous_10)
FN:85,(anonymous_11)
FN:98,(anonymous_12)
FN:105,(anonymous_13)
FN:124,(anonymous_14)
FN:133,dispatch
FN:135,(anonymous_16)
FN:142,toast
FN:145,(anonymous_18)
FN:150,(anonymous_19)
FN:158,(anonymous_20)
FN:171,useToast
FN:174,(anonymous_22)
FN:176,(anonymous_23)
FN:187,(anonymous_24)
FNF:18
FNH:0
FNDA:0,genId
FNDA:0,(anonymous_8)
FNDA:0,(anonymous_9)
FNDA:0,(anonymous_10)
FNDA:0,(anonymous_11)
FNDA:0,(anonymous_12)
FNDA:0,(anonymous_13)
FNDA:0,(anonymous_14)
FNDA:0,dispatch
FNDA:0,(anonymous_16)
FNDA:0,toast
FNDA:0,(anonymous_18)
FNDA:0,(anonymous_19)
FNDA:0,(anonymous_20)
FNDA:0,useToast
FNDA:0,(anonymous_22)
FNDA:0,(anonymous_23)
FNDA:0,(anonymous_24)
DA:4,0
DA:8,0
DA:9,0
DA:18,0
DA:25,0
DA:28,0
DA:29,0
DA:56,0
DA:58,0
DA:59,0
DA:60,0
DA:63,0
DA:64,0
DA:65,0
DA:71,0
DA:74,0
DA:75,0
DA:77,0
DA:83,0
DA:86,0
DA:91,0
DA:95,0
DA:96,0
DA:98,0
DA:99,0
DA:103,0
DA:106,0
DA:116,0
DA:117,0
DA:122,0
DA:124,0
DA:129,0
DA:131,0
DA:134,0
DA:135,0
DA:136,0
DA:143,0
DA:145,0
DA:146,0
DA:150,0
DA:152,0
DA:159,0
DA:164,0
DA:172,0
DA:174,0
DA:175,0
DA:176,0
DA:177,0
DA:178,0
DA:179,0
DA:184,0
DA:187,0
DA:191,0
LF:53
LH:0
BRDA:59,0,0,0
BRDA:59,0,1,0
BRDA:75,1,0,0
BRDA:75,1,1,0
BRDA:75,1,2,0
BRDA:75,1,3,0
BRDA:86,2,0,0
BRDA:86,2,1,0
BRDA:95,3,0,0
BRDA:95,3,1,0
BRDA:106,4,0,0
BRDA:106,4,1,0
BRDA:106,5,0,0
BRDA:106,5,1,0
BRDA:116,6,0,0
BRDA:116,6,1,0
BRDA:159,7,0,0
BRDA:159,7,1,0
BRDA:178,8,0,0
BRDA:178,8,1,0
BRF:20
BRH:0
end_of_record
TN:
SF:hooks\useNotifications.ts
FN:40,useNotifications
FN:48,(anonymous_2)
FN:50,(anonymous_3)
FN:65,(anonymous_4)
FN:71,(anonymous_5)
FN:80,(anonymous_6)
FN:118,(anonymous_7)
FN:125,(anonymous_8)
FN:127,(anonymous_9)
FN:145,(anonymous_10)
FN:155,(anonymous_11)
FN:156,(anonymous_12)
FN:160,(anonymous_13)
FN:169,(anonymous_14)
FN:169,(anonymous_15)
FN:172,(anonymous_16)
FN:173,(anonymous_17)
FN:173,(anonymous_18)
FN:182,(anonymous_19)
FN:185,(anonymous_20)
FN:201,(anonymous_21)
FN:209,(anonymous_22)
FNF:22
FNH:0
FNDA:0,useNotifications
FNDA:0,(anonymous_2)
FNDA:0,(anonymous_3)
FNDA:0,(anonymous_4)
FNDA:0,(anonymous_5)
FNDA:0,(anonymous_6)
FNDA:0,(anonymous_7)
FNDA:0,(anonymous_8)
FNDA:0,(anonymous_9)
FNDA:0,(anonymous_10)
FNDA:0,(anonymous_11)
FNDA:0,(anonymous_12)
FNDA:0,(anonymous_13)
FNDA:0,(anonymous_14)
FNDA:0,(anonymous_15)
FNDA:0,(anonymous_16)
FNDA:0,(anonymous_17)
FNDA:0,(anonymous_18)
FNDA:0,(anonymous_19)
FNDA:0,(anonymous_20)
FNDA:0,(anonymous_21)
FNDA:0,(anonymous_22)
DA:2,0
DA:40,0
DA:41,0
DA:42,0
DA:43,0
DA:44,0
DA:45,0
DA:46,0
DA:48,0
DA:50,0
DA:51,0
DA:52,0
DA:54,0
DA:56,0
DA:58,0
DA:60,0
DA:62,0
DA:63,0
DA:65,0
DA:66,0
DA:67,0
DA:68,0
DA:71,0
DA:72,0
DA:73,0
DA:76,0
DA:80,0
DA:95,0
DA:96,0
DA:100,0
DA:101,0
DA:103,0
DA:118,0
DA:119,0
DA:122,0
DA:125,0
DA:127,0
DA:128,0
DA:129,0
DA:131,0
DA:135,0
DA:139,0
DA:140,0
DA:145,0
DA:146,0
DA:147,0
DA:155,0
DA:156,0
DA:160,0
DA:161,0
DA:162,0
DA:169,0
DA:172,0
DA:173,0
DA:176,0
DA:177,0
DA:182,0
DA:185,0
DA:186,0
DA:187,0
DA:189,0
DA:190,0
DA:193,0
DA:194,0
DA:195,0
DA:198,0
DA:201,0
DA:203,0
DA:204,0
DA:207,0
DA:209,0
DA:210,0
DA:212,0
DA:213,0
DA:216,0
DA:217,0
DA:220,0
DA:221,0
DA:225,0
LF:79
LH:0
BRDA:52,0,0,0
BRDA:52,0,1,0
BRDA:54,1,0,0
BRDA:54,1,1,0
BRDA:54,2,0,0
BRDA:54,2,1,0
BRDA:56,3,0,0
BRDA:56,3,1,0
BRDA:58,4,0,0
BRDA:58,4,1,0
BRDA:76,5,0,0
BRDA:76,5,1,0
BRDA:77,6,0,0
BRDA:77,6,1,0
BRDA:100,7,0,0
BRDA:100,7,1,0
BRDA:100,8,0,0
BRDA:100,8,1,0
BRDA:131,9,0,0
BRDA:131,9,1,0
BRDA:132,10,0,0
BRDA:132,10,1,0
BRDA:146,11,0,0
BRDA:146,11,1,0
BRDA:146,12,0,0
BRDA:146,12,1,0
BRDA:156,13,0,0
BRDA:156,13,1,0
BRDA:161,14,0,0
BRDA:161,14,1,0
BRDA:161,15,0,0
BRDA:161,15,1,0
BRDA:189,16,0,0
BRDA:189,16,1,0
BRDA:193,17,0,0
BRDA:193,17,1,0
BRDA:203,18,0,0
BRDA:203,18,1,0
BRDA:203,19,0,0
BRDA:203,19,1,0
BRDA:212,20,0,0
BRDA:212,20,1,0
BRDA:216,21,0,0
BRDA:216,21,1,0
BRDA:216,22,0,0
BRDA:216,22,1,0
BRF:46
BRH:0
end_of_record
TN:
SF:hooks\useTripSync.ts
FN:9,(anonymous_1)
FN:14,(anonymous_2)
FN:18,(anonymous_3)
FN:34,(anonymous_4)
FNF:4
FNH:4
FNDA:6,(anonymous_1)
FNDA:6,(anonymous_2)
FNDA:5,(anonymous_3)
FNDA:4,(anonymous_4)
DA:1,1
DA:8,1
DA:9,6
DA:14,6
DA:15,6
DA:18,4
DA:19,5
DA:20,5
DA:25,4
DA:26,4
DA:27,4
DA:30,1
DA:34,4
LF:13
LH:13
BRDA:12,0,0,0
BRDA:15,1,0,2
BRDA:15,1,1,4
BRDA:15,2,0,6
BRDA:15,2,1,5
BRDA:25,3,0,4
BRDA:25,3,1,0
BRF:7
BRH:5
end_of_record
TN:
SF:hooks\useWebSocket.ts
FN:31,useWebSocket
FN:44,(anonymous_2)
FN:45,(anonymous_3)
FN:48,(anonymous_4)
FN:81,(anonymous_5)
FN:88,(anonymous_6)
FN:95,(anonymous_7)
FN:114,(anonymous_8)
FN:119,(anonymous_9)
FN:134,(anonymous_10)
FN:148,(anonymous_11)
FN:169,(anonymous_12)
FN:183,(anonymous_13)
FN:199,(anonymous_14)
FN:206,(anonymous_15)
FNF:15
FNH:0
FNDA:0,useWebSocket
FNDA:0,(anonymous_2)
FNDA:0,(anonymous_3)
FNDA:0,(anonymous_4)
FNDA:0,(anonymous_5)
FNDA:0,(anonymous_6)
FNDA:0,(anonymous_7)
FNDA:0,(anonymous_8)
FNDA:0,(anonymous_9)
FNDA:0,(anonymous_10)
FNDA:0,(anonymous_11)
FNDA:0,(anonymous_12)
FNDA:0,(anonymous_13)
FNDA:0,(anonymous_14)
FNDA:0,(anonymous_15)
DA:2,0
DA:31,0
DA:36,0
DA:37,0
DA:38,0
DA:39,0
DA:40,0
DA:41,0
DA:42,0
DA:44,0
DA:45,0
DA:48,0
DA:49,0
DA:50,0
DA:51,0
DA:54,0
DA:55,0
DA:56,0
DA:59,0
DA:60,0
DA:61,0
DA:62,0
DA:63,0
DA:66,0
DA:67,0
DA:69,0
DA:70,0
DA:73,0
DA:75,0
DA:77,0
DA:78,0
DA:79,0
DA:81,0
DA:82,0
DA:83,0
DA:84,0
DA:85,0
DA:88,0
DA:89,0
DA:90,0
DA:91,0
DA:93,0
DA:95,0
DA:96,0
DA:97,0
DA:98,0
DA:99,0
DA:104,0
DA:106,0
DA:110,0
DA:114,0
DA:115,0
DA:116,0
DA:119,0
DA:120,0
DA:121,0
DA:123,0
DA:124,0
DA:127,0
DA:128,0
DA:132,0
DA:134,0
DA:135,0
DA:136,0
DA:139,0
DA:143,0
DA:144,0
DA:148,0
DA:149,0
DA:150,0
DA:151,0
DA:152,0
DA:155,0
DA:156,0
DA:161,0
DA:162,0
DA:164,0
DA:165,0
DA:169,0
DA:170,0
DA:171,0
DA:174,0
DA:175,0
DA:179,0
DA:183,0
DA:184,0
DA:185,0
DA:187,0
DA:188,0
DA:191,0
DA:192,0
DA:193,0
DA:196,0
DA:199,0
DA:200,0
DA:201,0
DA:204,0
DA:206,0
DA:207,0
DA:209,0
DA:210,0
DA:213,0
DA:214,0
DA:215,0
DA:218,0
DA:219,0
DA:223,0
LF:107
LH:0
BRDA:49,0,0,0
BRDA:49,0,1,0
BRDA:54,1,0,0
BRDA:54,1,1,0
BRDA:60,2,0,0
BRDA:60,2,1,0
BRDA:66,3,0,0
BRDA:66,3,1,0
BRDA:67,4,0,0
BRDA:67,4,1,0
BRDA:69,5,0,0
BRDA:69,5,1,0
BRDA:69,6,0,0
BRDA:69,6,1,0
BRDA:93,7,0,0
BRDA:93,7,1,0
BRDA:93,8,0,0
BRDA:93,8,1,0
BRDA:96,9,0,0
BRDA:96,9,1,0
BRDA:96,10,0,0
BRDA:96,10,1,0
BRDA:98,11,0,0
BRDA:98,11,1,0
BRDA:101,12,0,0
BRDA:101,12,1,0
BRDA:104,13,0,0
BRDA:104,13,1,0
BRDA:104,14,0,0
BRDA:104,14,1,0
BRDA:123,15,0,0
BRDA:123,15,1,0
BRDA:123,16,0,0
BRDA:123,16,1,0
BRDA:127,17,0,0
BRDA:127,17,1,0
BRDA:149,18,0,0
BRDA:149,18,1,0
BRDA:149,19,0,0
BRDA:149,19,1,0
BRDA:170,20,0,0
BRDA:170,20,1,0
BRDA:170,21,0,0
BRDA:170,21,1,0
BRDA:187,22,0,0
BRDA:187,22,1,0
BRDA:191,23,0,0
BRDA:191,23,1,0
BRDA:200,24,0,0
BRDA:200,24,1,0
BRDA:209,25,0,0
BRDA:209,25,1,0
BRDA:213,26,0,0
BRDA:213,26,1,0
BRDA:213,27,0,0
BRDA:213,27,1,0
BRF:56
BRH:0
end_of_record
TN:
SF:services\api.client.ts
FN:26,(anonymous_2)
FN:37,(anonymous_3)
FN:46,(anonymous_4)
FN:49,(anonymous_5)
FNF:4
FNH:3
FNDA:18,(anonymous_2)
FNDA:0,(anonymous_3)
FNDA:10,(anonymous_4)
FNDA:8,(anonymous_5)
DA:6,5
DA:8,5
DA:13,5
DA:14,5
DA:25,5
DA:28,18
DA:31,18
DA:32,6
DA:35,18
DA:38,0
DA:45,5
DA:47,10
DA:50,8
DA:55,8
DA:56,4
DA:58,4
DA:60,4
DA:62,4
DA:64,1
DA:65,1
DA:66,1
DA:67,1
DA:68,1
DA:72,3
DA:76,2
DA:79,2
DA:80,2
DA:81,1
DA:85,2
DA:86,2
DA:89,2
DA:92,1
DA:93,1
DA:94,1
DA:95,1
DA:96,1
DA:100,4
DA:104,42
LF:38
LH:37
BRDA:31,0,0,6
BRDA:31,0,1,12
BRDA:31,1,0,18
BRDA:31,1,1,6
BRDA:55,2,0,4
BRDA:55,2,1,4
BRDA:55,3,0,8
BRDA:55,3,1,5
BRDA:62,4,0,1
BRDA:62,4,1,3
BRDA:80,5,0,1
BRDA:80,5,1,1
BRDA:85,6,0,2
BRDA:85,6,1,0
BRF:14
BRH:13
end_of_record
TN:
SF:services\auth.service.ts
FN:79,(anonymous_2)
FN:84,(anonymous_3)
FN:88,(anonymous_4)
FN:92,(anonymous_5)
FN:98,(anonymous_6)
FN:102,(anonymous_7)
FN:107,(anonymous_8)
FN:112,(anonymous_9)
FN:122,(anonymous_10)
FN:132,(anonymous_11)
FN:144,(anonymous_12)
FN:149,(anonymous_13)
FN:162,(anonymous_14)
FN:182,(anonymous_15)
FN:199,(anonymous_16)
FN:207,(anonymous_17)
FN:224,(anonymous_18)
FN:253,(anonymous_19)
FN:271,(anonymous_20)
FN:291,(anonymous_21)
FN:310,(anonymous_22)
FN:348,(anonymous_23)
FN:378,(anonymous_24)
FNF:23
FNH:23
FNDA:5,(anonymous_2)
FNDA:22,(anonymous_3)
FNDA:5,(anonymous_4)
FNDA:3,(anonymous_5)
FNDA:9,(anonymous_6)
FNDA:6,(anonymous_7)
FNDA:2,(anonymous_8)
FNDA:4,(anonymous_9)
FNDA:2,(anonymous_10)
FNDA:2,(anonymous_11)
FNDA:2,(anonymous_12)
FNDA:3,(anonymous_13)
FNDA:1,(anonymous_14)
FNDA:5,(anonymous_15)
FNDA:1,(anonymous_16)
FNDA:2,(anonymous_17)
FNDA:3,(anonymous_18)
FNDA:1,(anonymous_19)
FNDA:2,(anonymous_20)
FNDA:1,(anonymous_21)
FNDA:4,(anonymous_22)
FNDA:3,(anonymous_23)
FNDA:2,(anonymous_24)
DA:2,7
DA:4,7
DA:74,7
DA:75,7
DA:76,7
DA:80,5
DA:81,5
DA:85,22
DA:89,5
DA:93,3
DA:94,3
DA:95,3
DA:99,9
DA:103,6
DA:104,6
DA:108,2
DA:113,4
DA:114,2
DA:116,2
DA:117,2
DA:119,2
DA:123,2
DA:124,1
DA:126,1
DA:127,1
DA:129,1
DA:133,2
DA:136,1
DA:138,1
DA:139,1
DA:141,1
DA:145,2
DA:150,3
DA:157,1
DA:158,1
DA:159,1
DA:167,1
DA:172,1
DA:183,5
DA:191,3
DA:200,1
DA:212,2
DA:217,1
DA:225,3
DA:236,2
DA:237,2
DA:238,1
DA:239,1
DA:240,1
DA:241,1
DA:244,2
DA:254,1
DA:264,1
DA:272,2
DA:284,2
DA:285,2
DA:286,1
DA:292,1
DA:293,1
DA:294,1
DA:296,1
DA:306,1
DA:311,4
DA:313,4
DA:314,1
DA:317,3
DA:321,1
DA:322,1
DA:324,1
DA:354,3
DA:355,3
DA:356,3
DA:358,3
DA:359,1
DA:361,2
DA:362,2
DA:363,2
DA:370,3
DA:382,2
DA:383,2
DA:384,1
DA:386,1
DA:391,7
DA:392,57
LF:84
LH:84
BRDA:104,0,0,3
BRDA:104,0,1,3
BRDA:191,1,0,1
BRDA:191,1,1,2
BRDA:193,2,0,2
BRDA:193,2,1,1
BRDA:237,3,0,1
BRDA:237,3,1,1
BRDA:285,4,0,1
BRDA:285,4,1,1
BRDA:313,5,0,1
BRDA:313,5,1,3
BRDA:355,6,0,3
BRDA:355,6,1,0
BRDA:356,7,0,3
BRDA:356,7,1,0
BRDA:362,8,0,2
BRDA:362,8,1,0
BRDA:364,9,0,2
BRDA:364,9,1,1
BRDA:364,9,2,0
BRDA:370,10,0,3
BRDA:370,10,1,0
BRF:23
BRH:18
end_of_record
TN:
SF:services\messagingService.ts
FN:49,(anonymous_2)
FN:78,(anonymous_3)
FN:91,(anonymous_4)
FN:106,(anonymous_5)
FN:119,(anonymous_6)
FN:132,(anonymous_7)
FNF:6
FNH:6
FNDA:4,(anonymous_2)
FNDA:2,(anonymous_3)
FNDA:2,(anonymous_4)
FNDA:2,(anonymous_5)
FNDA:2,(anonymous_6)
FNDA:3,(anonymous_7)
DA:2,1
DA:50,4
DA:51,4
DA:54,3
DA:57,3
DA:58,1
DA:62,2
DA:63,1
DA:67,1
DA:68,1
DA:70,1
DA:71,1
DA:79,2
DA:80,2
DA:81,1
DA:83,1
DA:84,1
DA:92,2
DA:93,2
DA:96,1
DA:98,1
DA:99,1
DA:107,2
DA:108,2
DA:109,1
DA:111,1
DA:112,1
DA:120,2
DA:121,2
DA:122,1
DA:124,1
DA:125,1
DA:133,3
DA:134,3
DA:138,1
DA:139,1
DA:144,15
LF:37
LH:37
BRDA:57,0,0,1
BRDA:57,0,1,2
BRDA:57,1,0,3
BRDA:57,1,1,3
BRDA:57,1,2,3
BRDA:62,2,0,1
BRDA:62,2,1,1
BRF:7
BRH:7
end_of_record
TN:
SF:services\trajet.service.ts
FN:55,(anonymous_2)
FN:65,(anonymous_3)
FN:84,(anonymous_4)
FN:99,(anonymous_5)
FN:118,(anonymous_6)
FN:122,(anonymous_7)
FN:139,(anonymous_8)
FN:172,(anonymous_9)
FN:185,(anonymous_10)
FN:201,(anonymous_11)
FN:214,(anonymous_12)
FN:227,(anonymous_13)
FN:242,(anonymous_14)
FN:246,(anonymous_15)
FNF:14
FNH:14
FNDA:3,(anonymous_2)
FNDA:3,(anonymous_3)
FNDA:2,(anonymous_4)
FNDA:2,(anonymous_5)
FNDA:2,(anonymous_6)
FNDA:2,(anonymous_7)
FNDA:4,(anonymous_8)
FNDA:2,(anonymous_9)
FNDA:3,(anonymous_10)
FNDA:2,(anonymous_11)
FNDA:2,(anonymous_12)
FNDA:2,(anonymous_13)
FNDA:2,(anonymous_14)
FNDA:2,(anonymous_15)
DA:2,1
DA:4,1
DA:56,3
DA:57,3
DA:59,3
DA:66,3
DA:67,3
DA:72,2
DA:73,2
DA:75,1
DA:76,1
DA:87,2
DA:88,2
DA:90,2
DA:100,2
DA:101,2
DA:107,1
DA:108,1
DA:110,1
DA:111,1
DA:119,2
DA:120,2
DA:123,2
DA:124,2
DA:128,1
DA:130,1
DA:131,1
DA:144,4
DA:145,4
DA:148,4
DA:153,2
DA:154,2
DA:156,2
DA:161,2
DA:162,1
DA:165,1
DA:173,2
DA:174,2
DA:175,1
DA:177,1
DA:178,1
DA:186,3
DA:187,3
DA:188,3
DA:191,2
DA:193,1
DA:194,1
DA:202,2
DA:203,2
DA:204,1
DA:206,1
DA:207,1
DA:215,2
DA:216,2
DA:217,1
DA:219,1
DA:220,1
DA:228,2
DA:229,2
DA:232,1
DA:234,1
DA:235,1
DA:243,2
DA:244,2
DA:247,2
DA:248,2
DA:252,1
DA:254,1
DA:255,1
DA:260,1
DA:261,24
LF:71
LH:71
BRDA:158,0,0,2
BRDA:158,0,1,2
BRDA:161,1,0,1
BRDA:161,1,1,1
BRDA:187,2,0,1
BRDA:187,2,1,2
BRF:6
BRH:6
end_of_record
TN:
SF:services\verification.service.ts
FN:20,(anonymous_2)
FN:41,(anonymous_3)
FN:55,(anonymous_4)
FN:73,(anonymous_5)
FN:79,(anonymous_6)
FNF:5
FNH:5
FNDA:3,(anonymous_2)
FNDA:3,(anonymous_3)
FNDA:3,(anonymous_4)
FNDA:3,(anonymous_5)
FNDA:2,(anonymous_6)
DA:3,3
DA:21,3
DA:22,3
DA:23,3
DA:25,3
DA:33,0
DA:34,0
DA:42,3
DA:43,3
DA:45,1
DA:46,1
DA:48,0
DA:56,3
DA:57,3
DA:59,2
DA:60,1
DA:62,1
DA:63,1
DA:65,0
DA:82,15
LF:20
LH:16
BRDA:26,0,0,3
BRDA:26,0,1,2
BRDA:27,1,0,3
BRDA:27,1,1,3
BRDA:29,2,0,3
BRDA:29,2,1,2
BRDA:29,2,2,1
BRDA:30,3,0,3
BRDA:30,3,1,0
BRDA:45,4,0,1
BRDA:45,4,1,0
BRDA:59,5,0,1
BRDA:59,5,1,1
BRDA:62,6,0,1
BRDA:62,6,1,0
BRF:15
BRH:12
end_of_record
TN:
SF:stores\auth-store.ts
FN:58,(anonymous_2)
FN:62,(anonymous_3)
FN:63,(anonymous_4)
FN:64,(anonymous_5)
FN:65,(anonymous_6)
FN:68,(anonymous_7)
FN:91,(anonymous_8)
FN:115,(anonymous_9)
FN:136,(anonymous_10)
FN:145,(anonymous_11)
FN:151,(anonymous_12)
FN:191,(anonymous_13)
FN:202,(anonymous_14)
FN:216,(anonymous_15)
FN:240,(anonymous_16)
FN:244,(anonymous_17)
FN:245,(anonymous_18)
FNF:17
FNH:8
FNDA:1,(anonymous_2)
FNDA:2,(anonymous_3)
FNDA:2,(anonymous_4)
FNDA:1,(anonymous_5)
FNDA:0,(anonymous_6)
FNDA:0,(anonymous_7)
FNDA:0,(anonymous_8)
FNDA:0,(anonymous_9)
FNDA:1,(anonymous_10)
FNDA:1,(anonymous_11)
FNDA:0,(anonymous_12)
FNDA:0,(anonymous_13)
FNDA:0,(anonymous_14)
FNDA:0,(anonymous_15)
FNDA:0,(anonymous_16)
FNDA:1,(anonymous_17)
FNDA:13,(anonymous_18)
DA:3,1
DA:4,1
DA:10,1
DA:47,1
DA:49,1
DA:56,18
DA:58,1
DA:62,2
DA:63,2
DA:64,1
DA:65,0
DA:69,0
DA:70,0
DA:71,0
DA:73,0
DA:79,0
DA:82,0
DA:85,0
DA:86,0
DA:92,0
DA:93,0
DA:94,0
DA:96,0
DA:102,0
DA:105,0
DA:109,0
DA:110,0
DA:116,0
DA:117,0
DA:118,0
DA:120,0
DA:126,0
DA:129,0
DA:130,0
DA:131,0
DA:137,1
DA:138,1
DA:146,1
DA:147,1
DA:152,0
DA:153,0
DA:155,0
DA:156,0
DA:157,0
DA:158,0
DA:164,0
DA:165,0
DA:166,0
DA:167,0
DA:173,0
DA:177,0
DA:180,0
DA:181,0
DA:182,0
DA:192,0
DA:193,0
DA:194,0
DA:196,0
DA:197,0
DA:203,0
DA:204,0
DA:206,0
DA:207,0
DA:210,0
DA:211,0
DA:217,0
DA:218,0
DA:219,0
DA:221,0
DA:228,0
DA:229,0
DA:232,0
DA:234,0
DA:235,0
DA:240,0
DA:244,1
DA:245,13
LF:77
LH:16
BRDA:82,0,0,0
BRDA:82,0,1,0
BRDA:82,0,2,0
BRDA:105,1,0,0
BRDA:105,1,1,0
BRDA:105,1,2,0
BRDA:105,1,3,0
BRDA:129,2,0,0
BRDA:129,2,1,0
BRDA:155,3,0,0
BRDA:155,3,1,0
BRDA:166,4,0,0
BRDA:166,4,1,0
BRDA:210,5,0,0
BRDA:210,5,1,0
BRDA:219,6,0,0
BRDA:219,6,1,0
BRDA:228,7,0,0
BRDA:228,7,1,0
BRF:19
BRH:0
end_of_record
TN:
SF:stores\documents.store.ts
FN:39,(anonymous_1)
FN:49,(anonymous_2)
FN:50,(anonymous_3)
FN:51,(anonymous_4)
FN:52,(anonymous_5)
FN:53,(anonymous_6)
FN:54,(anonymous_7)
FN:57,(anonymous_8)
FN:77,(anonymous_9)
FN:138,(anonymous_10)
FNF:10
FNH:0
FNDA:0,(anonymous_1)
FNDA:0,(anonymous_2)
FNDA:0,(anonymous_3)
FNDA:0,(anonymous_4)
FNDA:0,(anonymous_5)
FNDA:0,(anonymous_6)
FNDA:0,(anonymous_7)
FNDA:0,(anonymous_8)
FNDA:0,(anonymous_9)
FNDA:0,(anonymous_10)
DA:3,0
DA:38,0
DA:39,0
DA:49,0
DA:50,0
DA:51,0
DA:52,0
DA:53,0
DA:54,0
DA:58,0
DA:59,0
DA:60,0
DA:62,0
DA:66,0
DA:68,0
DA:69,0
DA:71,0
DA:72,0
DA:78,0
DA:80,0
DA:81,0
DA:84,0
DA:85,0
DA:87,0
DA:88,0
DA:90,0
DA:91,0
DA:92,0
DA:94,0
DA:100,0
DA:101,0
DA:102,0
DA:104,0
DA:105,0
DA:106,0
DA:112,0
DA:115,0
DA:118,0
DA:120,0
DA:127,0
DA:129,0
DA:131,0
DA:132,0
DA:133,0
DA:139,0
LF:45
LH:0
BRDA:60,0,0,0
BRDA:60,0,1,0
BRDA:66,1,0,0
BRDA:66,1,1,0
BRDA:80,2,0,0
BRDA:80,2,1,0
BRDA:88,3,0,0
BRDA:88,3,1,0
BRDA:100,4,0,0
BRDA:100,4,1,0
BRDA:107,5,0,0
BRDA:107,5,1,0
BRDA:107,5,2,0
BRDA:107,5,3,0
BRDA:131,6,0,0
BRDA:131,6,1,0
BRF:16
BRH:0
end_of_record
TN:
SF:stores\notifications-store.ts
FN:30,(anonymous_1)
FN:34,(anonymous_2)
FN:35,(anonymous_3)
FN:42,(anonymous_4)
FN:43,(anonymous_5)
FN:44,(anonymous_6)
FN:50,(anonymous_7)
FN:51,(anonymous_8)
FN:52,(anonymous_9)
FN:59,(anonymous_10)
FN:60,(anonymous_11)
FN:61,(anonymous_12)
FN:63,(anonymous_13)
FNF:13
FNH:13
FNDA:1,(anonymous_1)
FNDA:5,(anonymous_2)
FNDA:5,(anonymous_3)
FNDA:1,(anonymous_4)
FNDA:1,(anonymous_5)
FNDA:1,(anonymous_6)
FNDA:1,(anonymous_7)
FNDA:1,(anonymous_8)
FNDA:2,(anonymous_9)
FNDA:1,(anonymous_10)
FNDA:1,(anonymous_11)
FNDA:1,(anonymous_12)
FNDA:1,(anonymous_13)
DA:3,1
DA:4,1
DA:28,15
DA:30,1
DA:35,5
DA:43,1
DA:45,1
DA:51,1
DA:52,2
DA:60,1
DA:61,1
DA:62,1
DA:63,1
LF:13
LH:13
BRDA:37,0,0,0
BRDA:37,0,1,5
BRDA:45,1,0,1
BRDA:45,1,1,0
BRDA:65,2,0,1
BRDA:65,2,1,0
BRDA:65,3,0,1
BRDA:65,3,1,1
BRF:8
BRH:5
end_of_record
TN:
SF:stores\preferences-store.ts
FN:16,(anonymous_2)
FN:21,(anonymous_3)
FN:22,(anonymous_4)
FN:24,(anonymous_5)
FN:28,(anonymous_6)
FN:29,(anonymous_7)
FN:31,(anonymous_8)
FNF:7
FNH:0
FNDA:0,(anonymous_2)
FNDA:0,(anonymous_3)
FNDA:0,(anonymous_4)
FNDA:0,(anonymous_5)
FNDA:0,(anonymous_6)
FNDA:0,(anonymous_7)
FNDA:0,(anonymous_8)
DA:3,0
DA:4,0
DA:16,0
DA:22,0
DA:24,0
DA:28,0
DA:29,0
DA:32,0
DA:33,0
DA:34,0
DA:35,0
DA:36,0
DA:38,0
DA:39,0
LF:14
LH:0
BRDA:23,0,0,0
BRDA:23,0,1,0
BRF:2
BRH:0
end_of_record
TN:
SF:stores\trips-store.ts
FN:38,(anonymous_1)
FN:48,(anonymous_2)
FN:49,(anonymous_3)
FN:50,(anonymous_4)
FN:51,(anonymous_5)
FN:54,(anonymous_6)
FN:55,(anonymous_7)
FN:60,(anonymous_8)
FN:61,(anonymous_9)
FN:62,(anonymous_10)
FN:65,(anonymous_11)
FN:71,(anonymous_12)
FN:72,(anonymous_13)
FN:73,(anonymous_14)
FN:79,(anonymous_15)
FNF:15
FNH:15
FNDA:1,(anonymous_1)
FNDA:3,(anonymous_2)
FNDA:2,(anonymous_3)
FNDA:1,(anonymous_4)
FNDA:1,(anonymous_5)
FNDA:1,(anonymous_6)
FNDA:1,(anonymous_7)
FNDA:1,(anonymous_8)
FNDA:1,(anonymous_9)
FNDA:1,(anonymous_10)
FNDA:1,(anonymous_11)
FNDA:1,(anonymous_12)
FNDA:1,(anonymous_13)
FNDA:1,(anonymous_14)
FNDA:1,(anonymous_15)
DA:2,1
DA:38,116
DA:48,3
DA:49,2
DA:50,1
DA:51,1
DA:55,1
DA:61,1
DA:63,1
DA:66,1
DA:72,1
DA:74,1
DA:80,1
DA:81,1
DA:87,1
DA:89,0
LF:16
LH:15
BRDA:63,0,0,1
BRDA:63,0,1,0
BRDA:66,1,0,1
BRDA:66,1,1,0
BRDA:74,2,0,1
BRDA:74,2,1,0
BRF:6
BRH:3
end_of_record
TN:
SF:stores\ui-store.ts
FN:12,(anonymous_1)
FN:17,(anonymous_2)
FN:17,(anonymous_3)
FN:18,(anonymous_4)
FN:19,(anonymous_5)
FNF:5
FNH:5
FNDA:1,(anonymous_1)
FNDA:1,(anonymous_2)
FNDA:1,(anonymous_3)
FNDA:1,(anonymous_4)
FNDA:1,(anonymous_5)
DA:1,1
DA:12,8
DA:17,1
DA:18,1
DA:19,1
LF:5
LH:5
BRF:0
BRH:0
end_of_record
