TN:
SF:hooks\use-auth.ts
FN:9,useAuth
FN:16,(anonymous_3)
FN:49,(anonymous_4)
FN:57,(anonymous_5)
FN:65,(anonymous_6)
FNF:5
FNH:5
FNDA:58,useAuth
FNDA:4,(anonymous_3)
FNDA:4,(anonymous_4)
FNDA:2,(anonymous_5)
FNDA:1,(anonymous_6)
DA:4,5
DA:5,5
DA:7,5
DA:9,61
DA:10,58
DA:11,58
DA:16,58
DA:17,4
DA:18,4
DA:20,3
DA:28,3
DA:29,1
DA:30,1
DA:34,2
DA:35,1
DA:36,1
DA:40,1
DA:41,1
DA:43,1
DA:45,1
DA:49,58
DA:50,4
DA:53,3
DA:54,3
DA:57,58
DA:58,2
DA:62,1
DA:65,58
DA:66,1
DA:67,1
DA:70,58
LF:31
LH:31
BRDA:28,0,0,1
BRDA:28,0,1,2
BRDA:28,1,0,3
BRDA:28,1,1,2
BRDA:28,1,2,0
BRDA:34,2,0,1
BRDA:34,2,1,1
BRF:7
BRH:6
end_of_record
TN:
SF:hooks\use-mobile.ts
FN:5,useIsMobile
FN:10,(anonymous_5)
FN:12,(anonymous_6)
FN:17,(anonymous_7)
FNF:4
FNH:4
FNDA:12,useIsMobile
FNDA:5,(anonymous_5)
FNDA:1,(anonymous_6)
FNDA:5,(anonymous_7)
DA:1,1
DA:3,1
DA:5,12
DA:6,12
DA:10,12
DA:11,5
DA:12,5
DA:13,1
DA:15,5
DA:16,5
DA:17,5
DA:20,12
LF:12
LH:12
BRF:0
BRH:0
end_of_record
TN:
SF:hooks\useTripSync.ts
FN:9,(anonymous_1)
FN:14,(anonymous_2)
FN:18,(anonymous_3)
FN:37,(anonymous_4)
FNF:4
FNH:4
FNDA:6,(anonymous_1)
FNDA:6,(anonymous_2)
FNDA:5,(anonymous_3)
FNDA:4,(anonymous_4)
DA:1,1
DA:9,6
DA:14,6
DA:15,6
DA:18,4
DA:19,5
DA:20,5
DA:28,4
DA:29,4
DA:30,4
DA:33,1
DA:37,4
LF:12
LH:12
BRDA:12,0,0,0
BRDA:15,1,0,2
BRDA:15,1,1,4
BRDA:15,2,0,6
BRDA:15,2,1,5
BRDA:28,3,0,4
BRDA:28,3,1,0
BRF:7
BRH:5
end_of_record
TN:
SF:services\api.client.ts
FN:26,(anonymous_2)
FN:37,(anonymous_3)
FN:46,(anonymous_4)
FN:49,(anonymous_5)
FNF:4
FNH:3
FNDA:23,(anonymous_2)
FNDA:0,(anonymous_3)
FNDA:13,(anonymous_4)
FNDA:10,(anonymous_5)
DA:6,10
DA:9,10
DA:14,10
DA:25,10
DA:28,23
DA:31,23
DA:32,6
DA:35,23
DA:38,0
DA:45,10
DA:47,13
DA:50,10
DA:55,10
DA:56,4
DA:58,4
DA:60,4
DA:62,4
DA:64,1
DA:65,1
DA:66,1
DA:67,1
DA:68,1
DA:72,3
DA:76,2
DA:79,2
DA:80,2
DA:81,1
DA:85,2
DA:86,2
DA:89,2
DA:92,1
DA:93,1
DA:94,1
DA:95,1
DA:96,1
DA:100,6
DA:104,47
LF:37
LH:36
BRDA:9,0,0,10
BRDA:9,0,1,10
BRDA:31,1,0,6
BRDA:31,1,1,17
BRDA:31,2,0,23
BRDA:31,2,1,6
BRDA:55,3,0,4
BRDA:55,3,1,6
BRDA:55,4,0,10
BRDA:55,4,1,5
BRDA:62,5,0,1
BRDA:62,5,1,3
BRDA:80,6,0,1
BRDA:80,6,1,1
BRDA:85,7,0,2
BRDA:85,7,1,0
BRF:16
BRH:15
end_of_record
TN:
SF:services\auth.service.ts
FN:75,(anonymous_2)
FN:80,(anonymous_3)
FN:84,(anonymous_4)
FN:88,(anonymous_5)
FN:94,(anonymous_6)
FN:98,(anonymous_7)
FN:103,(anonymous_8)
FN:108,(anonymous_9)
FN:118,(anonymous_10)
FN:128,(anonymous_11)
FN:140,(anonymous_12)
FN:145,(anonymous_13)
FN:158,(anonymous_14)
FN:178,(anonymous_15)
FN:195,(anonymous_16)
FN:203,(anonymous_17)
FN:220,(anonymous_18)
FN:249,(anonymous_19)
FN:267,(anonymous_20)
FN:287,(anonymous_21)
FN:306,(anonymous_22)
FN:344,(anonymous_23)
FN:374,(anonymous_24)
FNF:23
FNH:23
FNDA:5,(anonymous_2)
FNDA:22,(anonymous_3)
FNDA:5,(anonymous_4)
FNDA:3,(anonymous_5)
FNDA:9,(anonymous_6)
FNDA:6,(anonymous_7)
FNDA:2,(anonymous_8)
FNDA:4,(anonymous_9)
FNDA:2,(anonymous_10)
FNDA:2,(anonymous_11)
FNDA:2,(anonymous_12)
FNDA:3,(anonymous_13)
FNDA:1,(anonymous_14)
FNDA:5,(anonymous_15)
FNDA:1,(anonymous_16)
FNDA:2,(anonymous_17)
FNDA:3,(anonymous_18)
FNDA:1,(anonymous_19)
FNDA:2,(anonymous_20)
FNDA:1,(anonymous_21)
FNDA:4,(anonymous_22)
FNDA:3,(anonymous_23)
FNDA:2,(anonymous_24)
DA:2,9
DA:5,9
DA:70,9
DA:71,9
DA:72,9
DA:76,5
DA:77,5
DA:81,22
DA:85,5
DA:89,3
DA:90,3
DA:91,3
DA:95,9
DA:99,6
DA:100,6
DA:104,2
DA:109,4
DA:110,2
DA:112,2
DA:113,2
DA:115,2
DA:119,2
DA:120,1
DA:122,1
DA:123,1
DA:125,1
DA:129,2
DA:132,1
DA:134,1
DA:135,1
DA:137,1
DA:141,2
DA:146,3
DA:153,1
DA:154,1
DA:155,1
DA:163,1
DA:168,1
DA:179,5
DA:187,3
DA:196,1
DA:208,2
DA:213,1
DA:221,3
DA:232,2
DA:233,2
DA:234,1
DA:235,1
DA:236,1
DA:237,1
DA:240,2
DA:250,1
DA:260,1
DA:268,2
DA:280,2
DA:281,2
DA:282,1
DA:288,1
DA:289,1
DA:290,1
DA:292,1
DA:302,1
DA:307,4
DA:309,4
DA:310,1
DA:313,3
DA:317,1
DA:318,1
DA:320,1
DA:350,3
DA:351,3
DA:352,3
DA:354,3
DA:355,1
DA:357,2
DA:358,2
DA:359,2
DA:366,3
DA:378,2
DA:379,2
DA:380,1
DA:382,1
DA:387,9
DA:388,58
LF:84
LH:84
BRDA:5,0,0,9
BRDA:5,0,1,9
BRDA:100,1,0,3
BRDA:100,1,1,3
BRDA:187,2,0,1
BRDA:187,2,1,2
BRDA:189,3,0,2
BRDA:189,3,1,1
BRDA:233,4,0,1
BRDA:233,4,1,1
BRDA:281,5,0,1
BRDA:281,5,1,1
BRDA:309,6,0,1
BRDA:309,6,1,3
BRDA:351,7,0,3
BRDA:351,7,1,0
BRDA:352,8,0,3
BRDA:352,8,1,0
BRDA:358,9,0,2
BRDA:358,9,1,0
BRDA:360,10,0,2
BRDA:360,10,1,1
BRDA:360,10,2,0
BRDA:366,11,0,3
BRDA:366,11,1,0
BRF:25
BRH:20
end_of_record
TN:
SF:services\messagingService.ts
FN:49,(anonymous_2)
FN:78,(anonymous_3)
FN:91,(anonymous_4)
FN:106,(anonymous_5)
FN:119,(anonymous_6)
FN:132,(anonymous_7)
FNF:6
FNH:6
FNDA:4,(anonymous_2)
FNDA:2,(anonymous_3)
FNDA:2,(anonymous_4)
FNDA:2,(anonymous_5)
FNDA:2,(anonymous_6)
FNDA:3,(anonymous_7)
DA:2,1
DA:50,4
DA:51,4
DA:54,3
DA:57,3
DA:58,1
DA:62,2
DA:63,1
DA:67,1
DA:68,1
DA:70,1
DA:71,1
DA:79,2
DA:80,2
DA:81,1
DA:83,1
DA:84,1
DA:92,2
DA:93,2
DA:96,1
DA:98,1
DA:99,1
DA:107,2
DA:108,2
DA:109,1
DA:111,1
DA:112,1
DA:120,2
DA:121,2
DA:122,1
DA:124,1
DA:125,1
DA:133,3
DA:134,3
DA:138,1
DA:139,1
DA:144,15
LF:37
LH:37
BRDA:57,0,0,1
BRDA:57,0,1,2
BRDA:57,1,0,3
BRDA:57,1,1,3
BRDA:57,1,2,3
BRDA:62,2,0,1
BRDA:62,2,1,1
BRF:7
BRH:7
end_of_record
TN:
SF:services\trajet.service.ts
FN:56,(anonymous_2)
FN:66,(anonymous_3)
FN:85,(anonymous_4)
FN:100,(anonymous_5)
FN:119,(anonymous_6)
FN:123,(anonymous_7)
FN:140,(anonymous_8)
FN:173,(anonymous_9)
FN:186,(anonymous_10)
FN:202,(anonymous_11)
FN:215,(anonymous_12)
FN:228,(anonymous_13)
FN:243,(anonymous_14)
FN:247,(anonymous_15)
FNF:14
FNH:14
FNDA:3,(anonymous_2)
FNDA:3,(anonymous_3)
FNDA:2,(anonymous_4)
FNDA:2,(anonymous_5)
FNDA:2,(anonymous_6)
FNDA:2,(anonymous_7)
FNDA:4,(anonymous_8)
FNDA:2,(anonymous_9)
FNDA:3,(anonymous_10)
FNDA:2,(anonymous_11)
FNDA:2,(anonymous_12)
FNDA:2,(anonymous_13)
FNDA:2,(anonymous_14)
FNDA:2,(anonymous_15)
DA:2,1
DA:5,1
DA:57,3
DA:58,3
DA:60,3
DA:67,3
DA:68,3
DA:73,2
DA:74,2
DA:76,1
DA:77,1
DA:88,2
DA:89,2
DA:91,2
DA:101,2
DA:102,2
DA:108,1
DA:109,1
DA:111,1
DA:112,1
DA:120,2
DA:121,2
DA:124,2
DA:125,2
DA:129,1
DA:131,1
DA:132,1
DA:145,4
DA:146,4
DA:149,4
DA:154,2
DA:155,2
DA:157,2
DA:162,2
DA:163,1
DA:166,1
DA:174,2
DA:175,2
DA:176,1
DA:178,1
DA:179,1
DA:187,3
DA:188,3
DA:189,3
DA:192,2
DA:194,1
DA:195,1
DA:203,2
DA:204,2
DA:205,1
DA:207,1
DA:208,1
DA:216,2
DA:217,2
DA:218,1
DA:220,1
DA:221,1
DA:229,2
DA:230,2
DA:233,1
DA:235,1
DA:236,1
DA:244,2
DA:245,2
DA:248,2
DA:249,2
DA:253,1
DA:255,1
DA:256,1
DA:261,1
DA:262,24
LF:71
LH:71
BRDA:5,0,0,1
BRDA:5,0,1,1
BRDA:159,1,0,2
BRDA:159,1,1,2
BRDA:162,2,0,1
BRDA:162,2,1,1
BRDA:188,3,0,1
BRDA:188,3,1,2
BRF:8
BRH:8
end_of_record
TN:
SF:services\verification.service.ts
FN:20,(anonymous_2)
FN:41,(anonymous_3)
FN:55,(anonymous_4)
FN:73,(anonymous_5)
FN:85,(anonymous_6)
FNF:5
FNH:5
FNDA:3,(anonymous_2)
FNDA:3,(anonymous_3)
FNDA:3,(anonymous_4)
FNDA:3,(anonymous_5)
FNDA:2,(anonymous_6)
DA:3,8
DA:21,3
DA:22,3
DA:23,3
DA:25,3
DA:33,0
DA:34,0
DA:42,3
DA:43,3
DA:45,1
DA:46,1
DA:48,0
DA:56,3
DA:57,3
DA:59,2
DA:60,1
DA:62,1
DA:63,1
DA:65,0
DA:74,3
DA:75,3
DA:77,1
DA:86,2
DA:87,2
DA:89,1
DA:94,16
LF:26
LH:22
BRDA:26,0,0,3
BRDA:26,0,1,2
BRDA:27,1,0,3
BRDA:27,1,1,3
BRDA:29,2,0,3
BRDA:29,2,1,2
BRDA:29,2,2,1
BRDA:30,3,0,3
BRDA:30,3,1,0
BRDA:45,4,0,1
BRDA:45,4,1,0
BRDA:59,5,0,1
BRDA:59,5,1,1
BRDA:62,6,0,1
BRDA:62,6,1,0
BRF:15
BRH:12
end_of_record
TN:
SF:stores\notifications-store.ts
FN:30,(anonymous_1)
FN:34,(anonymous_2)
FN:35,(anonymous_3)
FN:42,(anonymous_4)
FN:43,(anonymous_5)
FN:44,(anonymous_6)
FN:50,(anonymous_7)
FN:51,(anonymous_8)
FN:52,(anonymous_9)
FN:59,(anonymous_10)
FN:60,(anonymous_11)
FN:61,(anonymous_12)
FN:63,(anonymous_13)
FNF:13
FNH:13
FNDA:1,(anonymous_1)
FNDA:5,(anonymous_2)
FNDA:5,(anonymous_3)
FNDA:1,(anonymous_4)
FNDA:1,(anonymous_5)
FNDA:1,(anonymous_6)
FNDA:1,(anonymous_7)
FNDA:1,(anonymous_8)
FNDA:2,(anonymous_9)
FNDA:1,(anonymous_10)
FNDA:1,(anonymous_11)
FNDA:1,(anonymous_12)
FNDA:1,(anonymous_13)
DA:3,1
DA:4,1
DA:28,15
DA:30,1
DA:35,5
DA:43,1
DA:45,1
DA:51,1
DA:52,2
DA:60,1
DA:61,1
DA:62,1
DA:63,1
LF:13
LH:13
BRDA:37,0,0,0
BRDA:37,0,1,5
BRDA:45,1,0,1
BRDA:45,1,1,0
BRDA:65,2,0,1
BRDA:65,2,1,0
BRDA:65,3,0,1
BRDA:65,3,1,1
BRF:8
BRH:5
end_of_record
TN:
SF:stores\trips-store.ts
FN:38,(anonymous_1)
FN:48,(anonymous_2)
FN:49,(anonymous_3)
FN:50,(anonymous_4)
FN:51,(anonymous_5)
FN:54,(anonymous_6)
FN:55,(anonymous_7)
FN:60,(anonymous_8)
FN:61,(anonymous_9)
FN:62,(anonymous_10)
FN:65,(anonymous_11)
FN:71,(anonymous_12)
FN:72,(anonymous_13)
FN:73,(anonymous_14)
FN:79,(anonymous_15)
FNF:15
FNH:15
FNDA:1,(anonymous_1)
FNDA:3,(anonymous_2)
FNDA:2,(anonymous_3)
FNDA:1,(anonymous_4)
FNDA:1,(anonymous_5)
FNDA:1,(anonymous_6)
FNDA:1,(anonymous_7)
FNDA:1,(anonymous_8)
FNDA:1,(anonymous_9)
FNDA:1,(anonymous_10)
FNDA:1,(anonymous_11)
FNDA:1,(anonymous_12)
FNDA:1,(anonymous_13)
FNDA:1,(anonymous_14)
FNDA:1,(anonymous_15)
DA:2,1
DA:38,119
DA:48,3
DA:49,2
DA:50,1
DA:51,1
DA:55,1
DA:61,1
DA:63,1
DA:66,1
DA:72,1
DA:74,1
DA:80,1
DA:81,1
DA:87,1
DA:89,0
LF:16
LH:15
BRDA:63,0,0,1
BRDA:63,0,1,0
BRDA:66,1,0,1
BRDA:66,1,1,0
BRDA:74,2,0,1
BRDA:74,2,1,0
BRF:6
BRH:3
end_of_record
TN:
SF:stores\ui-store.ts
FN:12,(anonymous_1)
FN:17,(anonymous_2)
FN:17,(anonymous_3)
FN:18,(anonymous_4)
FN:19,(anonymous_5)
FNF:5
FNH:5
FNDA:1,(anonymous_1)
FNDA:1,(anonymous_2)
FNDA:1,(anonymous_3)
FNDA:1,(anonymous_4)
FNDA:1,(anonymous_5)
DA:1,1
DA:12,8
DA:17,1
DA:18,1
DA:19,1
LF:5
LH:5
BRF:0
BRH:0
end_of_record
